#
# There is insufficient memory for the Java Runtime Environment to continue.
# Native memory allocation (mmap) failed to map 309329920 bytes for G1 virtual space
# Possible reasons:
#   The system is out of physical RAM or swap space
#   The process is running with CompressedOops enabled, and the Java Heap may be blocking the growth of the native heap
# Possible solutions:
#   Reduce memory load on the system
#   Increase physical memory or swap space
#   Check if swap backing store is full
#   Decrease Java heap size (-Xmx/-Xms)
#   Decrease number of Java threads
#   Decrease Java thread stack sizes (-Xss)
#   Set larger code cache with -XX:ReservedCodeCacheSize=
#   JVM is running with Unscaled Compressed Oops mode in which the Java heap is
#     placed in the first 4GB address space. The Java Heap base address is the
#     maximum limit for the native heap growth. Please use -XX:HeapBaseMinAddress
#     to set the Java Heap base and to place the Java Heap above 4GB virtual address.
# This output file may be truncated or incomplete.
#
#  Out of Memory Error (os_windows.cpp:3469), pid=15584, tid=10368
#
# JRE version: OpenJDK Runtime Environment Temurin-17+35 (17.0+35) (build 17+35)
# Java VM: OpenJDK 64-Bit Server VM Temurin-17+35 (17+35, mixed mode, sharing, tiered, compressed oops, compressed class ptrs, g1 gc, windows-amd64)
# No core dump will be written. Minidumps are not enabled by default on client versions of Windows
#

---------------  S U M M A R Y ------------

Command Line: --add-opens=java.base/java.util=ALL-UNNAMED --add-opens=java.base/java.lang=ALL-UNNAMED --add-opens=java.base/java.lang.invoke=ALL-UNNAMED --add-opens=java.base/java.util=ALL-UNNAMED --add-opens=java.prefs/java.util.prefs=ALL-UNNAMED --add-opens=java.prefs/java.util.prefs=ALL-UNNAMED --add-opens=java.base/java.nio.charset=ALL-UNNAMED --add-opens=java.base/java.net=ALL-UNNAMED --add-opens=java.base/java.util.concurrent.atomic=ALL-UNNAMED -Xmx1G -Dfile.encoding=windows-1252 -Duser.country=AU -Duser.language=en -Duser.variant org.gradle.launcher.daemon.bootstrap.GradleDaemon 7.2

Host: 11th Gen Intel(R) Core(TM) i5-1135G7 @ 2.40GHz, 8 cores, 7G,  Windows 10 , 64 bit Build 19041 (10.0.19041.1503)
Time: Thu Mar  3 00:18:16 2022 Cen. Australia Daylight Time elapsed time: 263.760295 seconds (0d 0h 4m 23s)

---------------  T H R E A D  ---------------

Current thread (0x0000015b55da2790):  VMThread "VM Thread" [stack: 0x0000005412e00000,0x0000005412f00000] [id=10368]

Stack: [0x0000005412e00000,0x0000005412f00000]
Native frames: (J=compiled Java code, j=interpreted, Vv=VM code, C=native code)
V  [jvm.dll+0x674afa]
V  [jvm.dll+0x82eb44]
V  [jvm.dll+0x8302ee]
V  [jvm.dll+0x830953]
V  [jvm.dll+0x245335]
V  [jvm.dll+0x671ae9]
V  [jvm.dll+0x6665b2]
V  [jvm.dll+0x303e3b]
V  [jvm.dll+0x30b376]
V  [jvm.dll+0x35b30e]
V  [jvm.dll+0x35b53f]
V  [jvm.dll+0x2dad78]
V  [jvm.dll+0x2d902c]
V  [jvm.dll+0x2d85fc]
V  [jvm.dll+0x31c44b]
V  [jvm.dll+0x834dbb]
V  [jvm.dll+0x835af4]
V  [jvm.dll+0x83600c]
V  [jvm.dll+0x8363e4]
V  [jvm.dll+0x8364b0]
V  [jvm.dll+0x7dedba]
V  [jvm.dll+0x673925]
C  [ucrtbase.dll+0x21bb2]
C  [KERNEL32.DLL+0x17034]
C  [ntdll.dll+0x52651]

VM_Operation (0x000000541b7fef90): G1CollectForAllocation, mode: safepoint, requested by thread 0x0000015b58230040


---------------  P R O C E S S  ---------------

Threads class SMR info:
_java_thread_list=0x0000015b5d4fb630, length=136, elements={
0x0000015b39fbd380, 0x0000015b55da7140, 0x0000015b55da7c00, 0x0000015b55dbdf60,
0x0000015b55dc0830, 0x0000015b55dc10f0, 0x0000015b55dc19b0, 0x0000015b55dc55f0,
0x0000015b55dc3cf0, 0x0000015b55dd3d90, 0x0000015b568ca1f0, 0x0000015b568ca6c0,
0x0000015b58bc7600, 0x0000015b58548500, 0x0000015b58bf85e0, 0x0000015b58179e40,
0x0000015b586f71f0, 0x0000015b58049a00, 0x0000015b57920890, 0x0000015b58b3bc70,
0x0000015b58b3d950, 0x0000015b58b3c610, 0x0000015b58b3c140, 0x0000015b58b3de20,
0x0000015b58b3b2d0, 0x0000015b58b3d480, 0x0000015b58b3b7a0, 0x0000015b58b3a460,
0x0000015b58b3a930, 0x0000015b58b3cae0, 0x0000015b5a068f80, 0x0000015b5a069450,
0x0000015b5a066430, 0x0000015b5a064c20, 0x0000015b5a066900, 0x0000015b5a068ab0,
0x0000015b5a069920, 0x0000015b5a068110, 0x0000015b5a06a2c0, 0x0000015b5a0638e0,
0x0000015b5a0655c0, 0x0000015b5a064750, 0x0000015b5a0650f0, 0x0000015b5a065a90,
0x0000015b5a0685e0, 0x0000015b5a063410, 0x0000015b5a063db0, 0x0000015b5a065f60,
0x0000015b56b5b3a0, 0x0000015b56b5d080, 0x0000015b56b57510, 0x0000015b56b56b70,
0x0000015b56b57040, 0x0000015b56b57eb0, 0x0000015b56b5b870, 0x0000015b56b5c210,
0x0000015b56b59b90, 0x0000015b56b5bd40, 0x0000015b56b5d550, 0x0000015b56b5c6e0,
0x0000015b56b5cbb0, 0x0000015b56b55d00, 0x0000015b56b579e0, 0x0000015b56b561d0,
0x0000015b56b566a0, 0x0000015b56b58380, 0x0000015b56b58850, 0x0000015b56b58d20,
0x0000015b56b591f0, 0x0000015b56b596c0, 0x0000015b56b5a060, 0x0000015b56b5a530,
0x0000015b56b5aa00, 0x0000015b57705dc0, 0x0000015b57706760, 0x0000015b576ffd80,
0x0000015b57700bf0, 0x0000015b577028d0, 0x0000015b57703c10, 0x0000015b57700250,
0x0000015b57700720, 0x0000015b577010c0, 0x0000015b577058f0, 0x0000015b57701f30,
0x0000015b57704f50, 0x0000015b57702400, 0x0000015b57703740, 0x0000015b577040e0,
0x0000015b577045b0, 0x0000015b57703270, 0x0000015b57704a80, 0x0000015b5a37a560,
0x0000015b5a37df20, 0x0000015b5a37b3d0, 0x0000015b5a3800d0, 0x0000015b5a37f260,
0x0000015b5a37a090, 0x0000015b5a37d0b0, 0x0000015b5a37e3f0, 0x0000015b5a3805a0,
0x0000015b5a37b8a0, 0x0000015b5a37d580, 0x0000015b5a37aa30, 0x0000015b5a381410,
0x0000015b5a37fc00, 0x0000015b5a37af00, 0x0000015b5a37da50, 0x0000015b5a37cbe0,
0x0000015b5a37bd70, 0x0000015b5a380f40, 0x0000015b5a37c240, 0x0000015b5a380a70,
0x0000015b5a37c710, 0x0000015b5a37e8c0, 0x0000015b5a37ed90, 0x0000015b5a37f730,
0x0000015b5a379bc0, 0x0000015b58230eb0, 0x0000015b5822fb70, 0x0000015b5822de90,
0x0000015b58231380, 0x0000015b58231850, 0x0000015b5822e360, 0x0000015b58230510,
0x0000015b5822e830, 0x0000015b58230040, 0x0000015b59103b60, 0x0000015b590ffcd0,
0x0000015b59102820, 0x0000015b590ff330, 0x0000015b591014e0, 0x0000015b59104030,
0x0000015b591049d0, 0x0000015b591031c0, 0x0000015b59100670, 0x0000015b590ff800
}

Java Threads: ( => current thread )
  0x0000015b39fbd380 JavaThread "main" [_thread_blocked, id=23264, stack(0x0000005412800000,0x0000005412900000)]
  0x0000015b55da7140 JavaThread "Reference Handler" daemon [_thread_blocked, id=8380, stack(0x0000005412f00000,0x0000005413000000)]
  0x0000015b55da7c00 JavaThread "Finalizer" daemon [_thread_blocked, id=19408, stack(0x0000005413000000,0x0000005413100000)]
  0x0000015b55dbdf60 JavaThread "Signal Dispatcher" daemon [_thread_blocked, id=2332, stack(0x0000005413100000,0x0000005413200000)]
  0x0000015b55dc0830 JavaThread "Attach Listener" daemon [_thread_blocked, id=11060, stack(0x0000005413200000,0x0000005413300000)]
  0x0000015b55dc10f0 JavaThread "Service Thread" daemon [_thread_blocked, id=4820, stack(0x0000005413300000,0x0000005413400000)]
  0x0000015b55dc19b0 JavaThread "Monitor Deflation Thread" daemon [_thread_blocked, id=6076, stack(0x0000005413400000,0x0000005413500000)]
  0x0000015b55dc55f0 JavaThread "C2 CompilerThread0" daemon [_thread_blocked, id=7464, stack(0x0000005413500000,0x0000005413600000)]
  0x0000015b55dc3cf0 JavaThread "C1 CompilerThread0" daemon [_thread_blocked, id=3140, stack(0x0000005413600000,0x0000005413700000)]
  0x0000015b55dd3d90 JavaThread "Sweeper thread" daemon [_thread_blocked, id=14972, stack(0x0000005413700000,0x0000005413800000)]
  0x0000015b568ca1f0 JavaThread "Common-Cleaner" daemon [_thread_blocked, id=2652, stack(0x0000005413800000,0x0000005413900000)]
  0x0000015b568ca6c0 JavaThread "Notification Thread" daemon [_thread_blocked, id=22232, stack(0x0000005413900000,0x0000005413a00000)]
  0x0000015b58bc7600 JavaThread "Daemon health stats" [_thread_blocked, id=17128, stack(0x0000005414100000,0x0000005414200000)]
  0x0000015b58548500 JavaThread "Incoming local TCP Connector on port 55518" [_thread_in_native, id=3368, stack(0x0000005414200000,0x0000005414300000)]
  0x0000015b58bf85e0 JavaThread "Daemon periodic checks" [_thread_blocked, id=21868, stack(0x0000005414300000,0x0000005414400000)]
  0x0000015b58179e40 JavaThread "Daemon" [_thread_blocked, id=2360, stack(0x0000005414400000,0x0000005414500000)]
  0x0000015b586f71f0 JavaThread "Handler for socket connection from /127.0.0.1:55518 to /127.0.0.1:55519" [_thread_in_native, id=15388, stack(0x0000005414500000,0x0000005414600000)]
  0x0000015b58049a00 JavaThread "Cancel handler" [_thread_blocked, id=10424, stack(0x0000005414600000,0x0000005414700000)]
  0x0000015b57920890 JavaThread "Daemon worker" [_thread_blocked, id=16600, stack(0x0000005414700000,0x0000005414800000)]
  0x0000015b58b3bc70 JavaThread "Asynchronous log dispatcher for DefaultDaemonConnection: socket connection from /127.0.0.1:55518 to /127.0.0.1:55519" [_thread_blocked, id=12840, stack(0x0000005414800000,0x0000005414900000)]
  0x0000015b58b3d950 JavaThread "Stdin handler" [_thread_blocked, id=14192, stack(0x0000005414900000,0x0000005414a00000)]
  0x0000015b58b3c610 JavaThread "Daemon client event forwarder" [_thread_blocked, id=13172, stack(0x0000005414a00000,0x0000005414b00000)]
  0x0000015b58b3c140 JavaThread "Cache worker for journal cache (C:\Users\judee\.gradle\caches\journal-1)" [_thread_blocked, id=16216, stack(0x0000005414000000,0x0000005414100000)]
  0x0000015b58b3de20 JavaThread "File lock request listener" [_thread_in_native, id=5772, stack(0x0000005414b00000,0x0000005414c00000)]
  0x0000015b58b3b2d0 JavaThread "Cache worker for file hash cache (C:\Users\judee\.gradle\caches\7.2\fileHashes)" [_thread_blocked, id=7192, stack(0x0000005414c00000,0x0000005414d00000)]
  0x0000015b58b3d480 JavaThread "Cache worker for file hash cache (C:\Users\judee\Documents\mcmodding\moonbits\.gradle\7.2\fileHashes)" [_thread_blocked, id=10880, stack(0x0000005414d00000,0x0000005414e00000)]
  0x0000015b58b3b7a0 JavaThread "File watcher server" daemon [_thread_blocked, id=2080, stack(0x0000005415200000,0x0000005415300000)]
  0x0000015b58b3a460 JavaThread "File watcher consumer" daemon [_thread_blocked, id=23476, stack(0x0000005415300000,0x0000005415400000)]
  0x0000015b58b3a930 JavaThread "Cache worker for checksums cache (C:\Users\judee\Documents\mcmodding\moonbits\.gradle\checksums)" [_thread_blocked, id=3456, stack(0x0000005415400000,0x0000005415500000)]
  0x0000015b58b3cae0 JavaThread "Cache worker for cache directory md-supplier (C:\Users\judee\.gradle\caches\7.2\md-supplier)" [_thread_blocked, id=16500, stack(0x0000005415500000,0x0000005415600000)]
  0x0000015b5a068f80 JavaThread "Cache worker for cache directory md-rule (C:\Users\judee\.gradle\caches\7.2\md-rule)" [_thread_blocked, id=19216, stack(0x0000005415600000,0x0000005415700000)]
  0x0000015b5a069450 JavaThread "Cache worker for execution history cache (C:\Users\judee\.gradle\caches\7.2\executionHistory)" [_thread_blocked, id=22604, stack(0x0000005415700000,0x0000005415800000)]
  0x0000015b5a066430 JavaThread "jar transforms" [_thread_blocked, id=556, stack(0x0000005415900000,0x0000005415a00000)]
  0x0000015b5a064c20 JavaThread "jar transforms Thread 2" [_thread_blocked, id=11700, stack(0x0000005415a00000,0x0000005415b00000)]
  0x0000015b5a066900 JavaThread "Cache worker for file content cache (C:\Users\judee\.gradle\caches\7.2\fileContent)" [_thread_blocked, id=15284, stack(0x0000005415b00000,0x0000005415c00000)]
  0x0000015b5a068ab0 JavaThread "jar transforms Thread 3" [_thread_blocked, id=14788, stack(0x0000005415c00000,0x0000005415d00000)]
  0x0000015b5a069920 JavaThread "jar transforms Thread 4" [_thread_blocked, id=15112, stack(0x0000005415d00000,0x0000005415e00000)]
  0x0000015b5a068110 JavaThread "jar transforms Thread 5" [_thread_blocked, id=7944, stack(0x0000005415e00000,0x0000005415f00000)]
  0x0000015b5a06a2c0 JavaThread "jar transforms Thread 6" [_thread_blocked, id=13004, stack(0x0000005415f00000,0x0000005416000000)]
  0x0000015b5a0638e0 JavaThread "Cache worker for dependencies-accessors (C:\Users\judee\Documents\mcmodding\moonbits\.gradle\7.2\dependencies-accessors)" [_thread_blocked, id=736, stack(0x0000005416000000,0x0000005416100000)]
  0x0000015b5a0655c0 JavaThread "jar transforms Thread 7" [_thread_blocked, id=7348, stack(0x0000005416100000,0x0000005416200000)]
  0x0000015b5a064750 JavaThread "Cache worker for Build Output Cleanup Cache (C:\Users\judee\Documents\mcmodding\moonbits\.gradle\buildOutputCleanup)" [_thread_blocked, id=8240, stack(0x0000005413b00000,0x0000005413c00000)]
  0x0000015b5a0650f0 JavaThread "Unconstrained build operations" [_thread_blocked, id=22024, stack(0x0000005416200000,0x0000005416300000)]
  0x0000015b5a065a90 JavaThread "Unconstrained build operations Thread 2" [_thread_blocked, id=20076, stack(0x0000005416300000,0x0000005416400000)]
  0x0000015b5a0685e0 JavaThread "Unconstrained build operations Thread 3" [_thread_blocked, id=12800, stack(0x0000005416400000,0x0000005416500000)]
  0x0000015b5a063410 JavaThread "Unconstrained build operations Thread 4" [_thread_blocked, id=20616, stack(0x0000005416500000,0x0000005416600000)]
  0x0000015b5a063db0 JavaThread "Unconstrained build operations Thread 5" [_thread_blocked, id=4136, stack(0x0000005416600000,0x0000005416700000)]
  0x0000015b5a065f60 JavaThread "Unconstrained build operations Thread 6" [_thread_blocked, id=3700, stack(0x0000005416700000,0x0000005416800000)]
  0x0000015b56b5b3a0 JavaThread "Unconstrained build operations Thread 7" [_thread_blocked, id=21216, stack(0x0000005416800000,0x0000005416900000)]
  0x0000015b56b5d080 JavaThread "Unconstrained build operations Thread 8" [_thread_blocked, id=20276, stack(0x0000005416900000,0x0000005416a00000)]
  0x0000015b56b57510 JavaThread "Unconstrained build operations Thread 9" [_thread_blocked, id=13640, stack(0x0000005416a00000,0x0000005416b00000)]
  0x0000015b56b56b70 JavaThread "Unconstrained build operations Thread 10" [_thread_blocked, id=17120, stack(0x0000005416b00000,0x0000005416c00000)]
  0x0000015b56b57040 JavaThread "Unconstrained build operations Thread 11" [_thread_blocked, id=11772, stack(0x0000005416c00000,0x0000005416d00000)]
  0x0000015b56b57eb0 JavaThread "Unconstrained build operations Thread 12" [_thread_blocked, id=15704, stack(0x0000005416d00000,0x0000005416e00000)]
  0x0000015b56b5b870 JavaThread "Unconstrained build operations Thread 13" [_thread_blocked, id=19760, stack(0x0000005416e00000,0x0000005416f00000)]
  0x0000015b56b5c210 JavaThread "Unconstrained build operations Thread 14" [_thread_blocked, id=16140, stack(0x0000005416f00000,0x0000005417000000)]
  0x0000015b56b59b90 JavaThread "Unconstrained build operations Thread 15" [_thread_blocked, id=17776, stack(0x0000005417000000,0x0000005417100000)]
  0x0000015b56b5bd40 JavaThread "Unconstrained build operations Thread 16" [_thread_blocked, id=15792, stack(0x0000005417100000,0x0000005417200000)]
  0x0000015b56b5d550 JavaThread "Unconstrained build operations Thread 17" [_thread_blocked, id=11856, stack(0x0000005417200000,0x0000005417300000)]
  0x0000015b56b5c6e0 JavaThread "Unconstrained build operations Thread 18" [_thread_blocked, id=8408, stack(0x0000005417300000,0x0000005417400000)]
  0x0000015b56b5cbb0 JavaThread "Unconstrained build operations Thread 19" [_thread_blocked, id=21908, stack(0x0000005417400000,0x0000005417500000)]
  0x0000015b56b55d00 JavaThread "Unconstrained build operations Thread 20" [_thread_blocked, id=11584, stack(0x0000005417500000,0x0000005417600000)]
  0x0000015b56b579e0 JavaThread "Unconstrained build operations Thread 21" [_thread_blocked, id=11332, stack(0x0000005417600000,0x0000005417700000)]
  0x0000015b56b561d0 JavaThread "Unconstrained build operations Thread 22" [_thread_blocked, id=22100, stack(0x0000005417700000,0x0000005417800000)]
  0x0000015b56b566a0 JavaThread "Unconstrained build operations Thread 23" [_thread_blocked, id=21268, stack(0x0000005417800000,0x0000005417900000)]
  0x0000015b56b58380 JavaThread "Unconstrained build operations Thread 24" [_thread_blocked, id=13072, stack(0x0000005417900000,0x0000005417a00000)]
  0x0000015b56b58850 JavaThread "Unconstrained build operations Thread 25" [_thread_blocked, id=11656, stack(0x0000005417a00000,0x0000005417b00000)]
  0x0000015b56b58d20 JavaThread "Unconstrained build operations Thread 26" [_thread_blocked, id=13704, stack(0x0000005417b00000,0x0000005417c00000)]
  0x0000015b56b591f0 JavaThread "Unconstrained build operations Thread 27" [_thread_blocked, id=2836, stack(0x0000005417c00000,0x0000005417d00000)]
  0x0000015b56b596c0 JavaThread "Unconstrained build operations Thread 28" [_thread_blocked, id=10132, stack(0x0000005417d00000,0x0000005417e00000)]
  0x0000015b56b5a060 JavaThread "Unconstrained build operations Thread 29" [_thread_blocked, id=11136, stack(0x0000005417e00000,0x0000005417f00000)]
  0x0000015b56b5a530 JavaThread "Unconstrained build operations Thread 30" [_thread_blocked, id=2204, stack(0x0000005417f00000,0x0000005418000000)]
  0x0000015b56b5aa00 JavaThread "Unconstrained build operations Thread 31" [_thread_blocked, id=14292, stack(0x0000005418000000,0x0000005418100000)]
  0x0000015b57705dc0 JavaThread "jar transforms Thread 8" [_thread_blocked, id=23220, stack(0x0000005418300000,0x0000005418400000)]
  0x0000015b57706760 JavaThread "Memory manager" [_thread_blocked, id=12348, stack(0x0000005418400000,0x0000005418500000)]
  0x0000015b576ffd80 JavaThread "Unconstrained build operations Thread 32" [_thread_blocked, id=20960, stack(0x0000005418500000,0x0000005418600000)]
  0x0000015b57700bf0 JavaThread "Execution worker for ':'" [_thread_blocked, id=14656, stack(0x0000005418200000,0x0000005418300000)]
  0x0000015b577028d0 JavaThread "Execution worker for ':' Thread 2" [_thread_blocked, id=20376, stack(0x0000005418600000,0x0000005418700000)]
  0x0000015b57703c10 JavaThread "Execution worker for ':' Thread 3" [_thread_blocked, id=3048, stack(0x0000005418700000,0x0000005418800000)]
  0x0000015b57700250 JavaThread "Execution worker for ':' Thread 4" [_thread_blocked, id=19912, stack(0x0000005418800000,0x0000005418900000)]
  0x0000015b57700720 JavaThread "Execution worker for ':' Thread 5" [_thread_blocked, id=20188, stack(0x0000005418900000,0x0000005418a00000)]
  0x0000015b577010c0 JavaThread "Execution worker for ':' Thread 6" [_thread_blocked, id=16584, stack(0x0000005418a00000,0x0000005418b00000)]
  0x0000015b577058f0 JavaThread "Execution worker for ':' Thread 7" [_thread_blocked, id=18412, stack(0x0000005418b00000,0x0000005418c00000)]
  0x0000015b57701f30 JavaThread "Cache worker for execution history cache (C:\Users\judee\Documents\mcmodding\moonbits\.gradle\7.2\executionHistory)" [_thread_blocked, id=3252, stack(0x0000005418c00000,0x0000005418d00000)]
  0x0000015b57704f50 JavaThread "Unconstrained build operations Thread 33" [_thread_blocked, id=14280, stack(0x0000005418d00000,0x0000005418e00000)]
  0x0000015b57702400 JavaThread "Unconstrained build operations Thread 34" [_thread_blocked, id=11444, stack(0x0000005418e00000,0x0000005418f00000)]
  0x0000015b57703740 JavaThread "Unconstrained build operations Thread 35" [_thread_blocked, id=11788, stack(0x0000005418f00000,0x0000005419000000)]
  0x0000015b577040e0 JavaThread "Unconstrained build operations Thread 36" [_thread_blocked, id=16132, stack(0x0000005419000000,0x0000005419100000)]
  0x0000015b577045b0 JavaThread "Unconstrained build operations Thread 37" [_thread_blocked, id=18348, stack(0x0000005419200000,0x0000005419300000)]
  0x0000015b57703270 JavaThread "Unconstrained build operations Thread 38" [_thread_blocked, id=9664, stack(0x0000005419300000,0x0000005419400000)]
  0x0000015b57704a80 JavaThread "Unconstrained build operations Thread 39" [_thread_blocked, id=19320, stack(0x0000005419400000,0x0000005419500000)]
  0x0000015b5a37a560 JavaThread "Unconstrained build operations Thread 40" [_thread_blocked, id=13356, stack(0x0000005419500000,0x0000005419600000)]
  0x0000015b5a37df20 JavaThread "Unconstrained build operations Thread 41" [_thread_blocked, id=1524, stack(0x0000005419600000,0x0000005419700000)]
  0x0000015b5a37b3d0 JavaThread "Unconstrained build operations Thread 42" [_thread_blocked, id=12068, stack(0x0000005419700000,0x0000005419800000)]
  0x0000015b5a3800d0 JavaThread "Unconstrained build operations Thread 43" [_thread_blocked, id=18076, stack(0x0000005419800000,0x0000005419900000)]
  0x0000015b5a37f260 JavaThread "Unconstrained build operations Thread 44" [_thread_blocked, id=22844, stack(0x0000005419900000,0x0000005419a00000)]
  0x0000015b5a37a090 JavaThread "Unconstrained build operations Thread 45" [_thread_blocked, id=5288, stack(0x0000005419a00000,0x0000005419b00000)]
  0x0000015b5a37d0b0 JavaThread "Unconstrained build operations Thread 46" [_thread_blocked, id=19876, stack(0x0000005419b00000,0x0000005419c00000)]
  0x0000015b5a37e3f0 JavaThread "Unconstrained build operations Thread 47" [_thread_blocked, id=13140, stack(0x0000005419c00000,0x0000005419d00000)]
  0x0000015b5a3805a0 JavaThread "Unconstrained build operations Thread 48" [_thread_blocked, id=11364, stack(0x0000005419d00000,0x0000005419e00000)]
  0x0000015b5a37b8a0 JavaThread "Unconstrained build operations Thread 49" [_thread_blocked, id=3740, stack(0x0000005419e00000,0x0000005419f00000)]
  0x0000015b5a37d580 JavaThread "Unconstrained build operations Thread 50" [_thread_blocked, id=22616, stack(0x0000005419f00000,0x000000541a000000)]
  0x0000015b5a37aa30 JavaThread "Unconstrained build operations Thread 51" [_thread_blocked, id=1228, stack(0x000000541a000000,0x000000541a100000)]
  0x0000015b5a381410 JavaThread "Unconstrained build operations Thread 52" [_thread_blocked, id=22268, stack(0x000000541a100000,0x000000541a200000)]
  0x0000015b5a37fc00 JavaThread "Unconstrained build operations Thread 53" [_thread_blocked, id=8556, stack(0x000000541a200000,0x000000541a300000)]
  0x0000015b5a37af00 JavaThread "Unconstrained build operations Thread 54" [_thread_blocked, id=16036, stack(0x000000541a300000,0x000000541a400000)]
  0x0000015b5a37da50 JavaThread "Unconstrained build operations Thread 55" [_thread_blocked, id=1536, stack(0x000000541a400000,0x000000541a500000)]
  0x0000015b5a37cbe0 JavaThread "Unconstrained build operations Thread 56" [_thread_blocked, id=18984, stack(0x000000541a500000,0x000000541a600000)]
  0x0000015b5a37bd70 JavaThread "Unconstrained build operations Thread 57" [_thread_blocked, id=20604, stack(0x000000541a600000,0x000000541a700000)]
  0x0000015b5a380f40 JavaThread "Unconstrained build operations Thread 58" [_thread_blocked, id=2488, stack(0x000000541a700000,0x000000541a800000)]
  0x0000015b5a37c240 JavaThread "Unconstrained build operations Thread 59" [_thread_blocked, id=19300, stack(0x000000541a800000,0x000000541a900000)]
  0x0000015b5a380a70 JavaThread "Unconstrained build operations Thread 60" [_thread_blocked, id=18048, stack(0x000000541a900000,0x000000541aa00000)]
  0x0000015b5a37c710 JavaThread "Unconstrained build operations Thread 61" [_thread_blocked, id=3488, stack(0x000000541aa00000,0x000000541ab00000)]
  0x0000015b5a37e8c0 JavaThread "Unconstrained build operations Thread 62" [_thread_blocked, id=18492, stack(0x000000541ab00000,0x000000541ac00000)]
  0x0000015b5a37ed90 JavaThread "Unconstrained build operations Thread 63" [_thread_blocked, id=19084, stack(0x000000541ac00000,0x000000541ad00000)]
  0x0000015b5a37f730 JavaThread "Unconstrained build operations Thread 64" [_thread_blocked, id=1468, stack(0x000000541ad00000,0x000000541ae00000)]
  0x0000015b5a379bc0 JavaThread "Unconstrained build operations Thread 65" [_thread_blocked, id=9452, stack(0x000000541ae00000,0x000000541af00000)]
  0x0000015b58230eb0 JavaThread "Unconstrained build operations Thread 66" [_thread_blocked, id=9396, stack(0x000000541af00000,0x000000541b000000)]
  0x0000015b5822fb70 JavaThread "Unconstrained build operations Thread 67" [_thread_blocked, id=9020, stack(0x000000541b000000,0x000000541b100000)]
  0x0000015b5822de90 JavaThread "Unconstrained build operations Thread 68" [_thread_blocked, id=2384, stack(0x000000541b100000,0x000000541b200000)]
  0x0000015b58231380 JavaThread "Unconstrained build operations Thread 69" [_thread_blocked, id=3480, stack(0x000000541b200000,0x000000541b300000)]
  0x0000015b58231850 JavaThread "Unconstrained build operations Thread 70" [_thread_blocked, id=12304, stack(0x000000541b300000,0x000000541b400000)]
  0x0000015b5822e360 JavaThread "Unconstrained build operations Thread 71" [_thread_blocked, id=3752, stack(0x000000541b400000,0x000000541b500000)]
  0x0000015b58230510 JavaThread "Unconstrained build operations Thread 72" [_thread_blocked, id=12552, stack(0x000000541b500000,0x000000541b600000)]
  0x0000015b5822e830 JavaThread "Unconstrained build operations Thread 73" [_thread_blocked, id=22776, stack(0x000000541b600000,0x000000541b700000)]
  0x0000015b58230040 JavaThread "pool-1-thread-1" [_thread_blocked, id=16924, stack(0x000000541b700000,0x000000541b800000)]
  0x0000015b59103b60 JavaThread "WorkerExecutor Queue" [_thread_blocked, id=6320, stack(0x000000541b900000,0x000000541ba00000)]
  0x0000015b590ffcd0 JavaThread "WorkerExecutor Queue Thread 2" [_thread_blocked, id=10400, stack(0x000000541ba00000,0x000000541bb00000)]
  0x0000015b59102820 JavaThread "Exec process" [_thread_in_native, id=8460, stack(0x000000541bc00000,0x000000541bd00000)]
  0x0000015b590ff330 JavaThread "Exec process Thread 3" [_thread_in_native, id=7268, stack(0x000000541bf00000,0x000000541c000000)]
  0x0000015b591014e0 JavaThread "Exec process Thread 4" [_thread_in_native, id=13264, stack(0x000000541c000000,0x000000541c100000)]
  0x0000015b59104030 JavaThread "/127.0.0.1:55526 to /127.0.0.1:55527 workers" [_thread_blocked, id=17372, stack(0x0000005419100000,0x0000005419200000)]
  0x0000015b591049d0 JavaThread "/127.0.0.1:55526 to /127.0.0.1:55527 workers Thread 2" [_thread_blocked, id=14812, stack(0x000000541bd00000,0x000000541be00000)]
  0x0000015b591031c0 JavaThread "/127.0.0.1:55526 to /127.0.0.1:55527 workers Thread 3" [_thread_blocked, id=17648, stack(0x000000541c100000,0x000000541c200000)]
  0x0000015b59100670 JavaThread "/127.0.0.1:55526 to /127.0.0.1:55527 workers Thread 4" [_thread_blocked, id=4620, stack(0x000000541c200000,0x000000541c300000)]
  0x0000015b590ff800 JavaThread "/127.0.0.1:55526 to /127.0.0.1:55527 workers Thread 5" [_thread_blocked, id=11800, stack(0x000000541c300000,0x000000541c400000)]

Other Threads:
=>0x0000015b55da2790 VMThread "VM Thread" [stack: 0x0000005412e00000,0x0000005412f00000] [id=10368]
  0x0000015b568cafa0 WatcherThread [stack: 0x0000005413a00000,0x0000005413b00000] [id=13956]
  0x0000015b39fefd40 GCTaskThread "GC Thread#0" [stack: 0x0000005412900000,0x0000005412a00000] [id=18464]
  0x0000015b56ed62f0 GCTaskThread "GC Thread#1" [stack: 0x0000005413c00000,0x0000005413d00000] [id=11896]
  0x0000015b56d2e8c0 GCTaskThread "GC Thread#2" [stack: 0x0000005413d00000,0x0000005413e00000] [id=16192]
  0x0000015b573778a0 GCTaskThread "GC Thread#3" [stack: 0x0000005413e00000,0x0000005413f00000] [id=9156]
  0x0000015b575d22a0 GCTaskThread "GC Thread#4" [stack: 0x0000005413f00000,0x0000005414000000] [id=13836]
  0x0000015b589dd090 GCTaskThread "GC Thread#5" [stack: 0x0000005414f00000,0x0000005415000000] [id=6744]
  0x0000015b589dc880 GCTaskThread "GC Thread#6" [stack: 0x0000005415000000,0x0000005415100000] [id=19128]
  0x0000015b589dcb30 GCTaskThread "GC Thread#7" [stack: 0x0000005415100000,0x0000005415200000] [id=5576]
  0x0000015b39ff8a30 ConcurrentGCThread "G1 Main Marker" [stack: 0x0000005412a00000,0x0000005412b00000] [id=23132]
  0x0000015b39ff91f0 ConcurrentGCThread "G1 Conc#0" [stack: 0x0000005412b00000,0x0000005412c00000] [id=16592]
  0x0000015b5bcca310 ConcurrentGCThread "G1 Conc#1" [stack: 0x0000005415800000,0x0000005415900000] [id=16288]
  0x0000015b3a091740 ConcurrentGCThread "G1 Refine#0" [stack: 0x0000005412c00000,0x0000005412d00000] [id=15212]
  0x0000015b5d28efc0 ConcurrentGCThread "G1 Refine#1" [stack: 0x000000541b800000,0x000000541b900000] [id=21136]
  0x0000015b3a091f10 ConcurrentGCThread "G1 Service" [stack: 0x0000005412d00000,0x0000005412e00000] [id=5704]

Threads with active compile tasks:

VM state: at safepoint (normal execution)

VM Mutex/Monitor currently owned by a thread:  ([mutex/lock_event])
[0x0000015b39fb8850] Threads_lock - owner thread: 0x0000015b55da2790
[0x0000015b39fb82b0] Heap_lock - owner thread: 0x0000015b58230040

Heap address: 0x00000000c0000000, size: 1024 MB, Compressed Oops mode: 32-bit

CDS archive(s) mapped at: [0x0000000800000000-0x0000000800bc0000-0x0000000800bc0000), size 12320768, SharedBaseAddress: 0x0000000800000000, ArchiveRelocationMode: 0.
Compressed class space mapped at: 0x0000000800c00000-0x0000000840c00000, reserved size: 1073741824
Narrow klass base: 0x0000000800000000, Narrow klass shift: 0, Narrow klass range: 0x100000000

GC Precious Log:
 CPUs: 8 total, 8 available
 Memory: 7834M
 Large Page Support: Disabled
 NUMA Support: Disabled
 Compressed Oops: Enabled (32-bit)
 Heap Region Size: 1M
 Heap Min Capacity: 8M
 Heap Initial Capacity: 124M
 Heap Max Capacity: 1G
 Pre-touch: Disabled
 Parallel Workers: 8
 Concurrent Workers: 2
 Concurrent Refinement Workers: 8
 Periodic GC: Disabled

Heap:
 garbage-first heap   total 211968K, used 85306K [0x00000000c0000000, 0x0000000100000000)
  region size 1024K, 1 young (1024K), 1 survivors (1024K)
 Metaspace       used 64435K, committed 65024K, reserved 1105920K
  class space    used 8751K, committed 9024K, reserved 1048576K

Heap Regions: E=young(eden), S=young(survivor), O=old, HS=humongous(starts), HC=humongous(continues), CS=collection set, F=free, OA=open archive, CA=closed archive, TAMS=top-at-mark-start (previous, next)
|   0|0x00000000c0000000, 0x00000000c0100000, 0x00000000c0100000|100%| O|  |TAMS 0x00000000c0100000, 0x00000000c0000000| Untracked 
|   1|0x00000000c0100000, 0x00000000c0200000, 0x00000000c0200000|100%| O|  |TAMS 0x00000000c0200000, 0x00000000c0100000| Untracked 
|   2|0x00000000c0200000, 0x00000000c0300000, 0x00000000c0300000|100%| O|  |TAMS 0x00000000c0300000, 0x00000000c0200000| Untracked 
|   3|0x00000000c0300000, 0x00000000c0400000, 0x00000000c0400000|100%|HS|  |TAMS 0x00000000c0400000, 0x00000000c0300000| Complete 
|   4|0x00000000c0400000, 0x00000000c0500000, 0x00000000c0500000|100%|HC|  |TAMS 0x00000000c0500000, 0x00000000c0400000| Complete 
|   5|0x00000000c0500000, 0x00000000c0600000, 0x00000000c0600000|100%|HC|  |TAMS 0x00000000c0600000, 0x00000000c0500000| Complete 
|   6|0x00000000c0600000, 0x00000000c0700000, 0x00000000c0700000|100%| O|  |TAMS 0x00000000c0700000, 0x00000000c0600000| Untracked 
|   7|0x00000000c0700000, 0x00000000c0800000, 0x00000000c0800000|100%| O|  |TAMS 0x00000000c0800000, 0x00000000c0700000| Untracked 
|   8|0x00000000c0800000, 0x00000000c0900000, 0x00000000c0900000|100%| O|  |TAMS 0x00000000c0900000, 0x00000000c0800000| Untracked 
|   9|0x00000000c0900000, 0x00000000c0a00000, 0x00000000c0a00000|100%| O|  |TAMS 0x00000000c0a00000, 0x00000000c0900000| Untracked 
|  10|0x00000000c0a00000, 0x00000000c0b00000, 0x00000000c0b00000|100%| O|  |TAMS 0x00000000c0b00000, 0x00000000c0a00000| Untracked 
|  11|0x00000000c0b00000, 0x00000000c0c00000, 0x00000000c0c00000|100%| O|  |TAMS 0x00000000c0c00000, 0x00000000c0b00000| Untracked 
|  12|0x00000000c0c00000, 0x00000000c0d00000, 0x00000000c0d00000|100%| O|  |TAMS 0x00000000c0d00000, 0x00000000c0c00000| Untracked 
|  13|0x00000000c0d00000, 0x00000000c0e00000, 0x00000000c0e00000|100%| O|  |TAMS 0x00000000c0e00000, 0x00000000c0d00000| Untracked 
|  14|0x00000000c0e00000, 0x00000000c0f00000, 0x00000000c0f00000|100%| O|  |TAMS 0x00000000c0f00000, 0x00000000c0e00000| Untracked 
|  15|0x00000000c0f00000, 0x00000000c1000000, 0x00000000c1000000|100%| O|  |TAMS 0x00000000c1000000, 0x00000000c0f00000| Untracked 
|  16|0x00000000c1000000, 0x00000000c1100000, 0x00000000c1100000|100%| O|  |TAMS 0x00000000c1100000, 0x00000000c1000000| Untracked 
|  17|0x00000000c1100000, 0x00000000c1200000, 0x00000000c1200000|100%| O|  |TAMS 0x00000000c1200000, 0x00000000c1100000| Untracked 
|  18|0x00000000c1200000, 0x00000000c1300000, 0x00000000c1300000|100%| O|  |TAMS 0x00000000c1200000, 0x00000000c1200000| Untracked 
|  19|0x00000000c1300000, 0x00000000c1400000, 0x00000000c1400000|100%| O|  |TAMS 0x00000000c1400000, 0x00000000c1300000| Untracked 
|  20|0x00000000c1400000, 0x00000000c1500000, 0x00000000c1500000|100%| O|  |TAMS 0x00000000c1500000, 0x00000000c1400000| Untracked 
|  21|0x00000000c1500000, 0x00000000c1600000, 0x00000000c1600000|100%| O|  |TAMS 0x00000000c1600000, 0x00000000c1500000| Untracked 
|  22|0x00000000c1600000, 0x00000000c1700000, 0x00000000c1700000|100%| O|  |TAMS 0x00000000c1700000, 0x00000000c1600000| Untracked 
|  23|0x00000000c1700000, 0x00000000c1800000, 0x00000000c1800000|100%| O|  |TAMS 0x00000000c1800000, 0x00000000c1700000| Untracked 
|  24|0x00000000c1800000, 0x00000000c1900000, 0x00000000c1900000|100%| O|  |TAMS 0x00000000c1900000, 0x00000000c1800000| Untracked 
|  25|0x00000000c1900000, 0x00000000c1a00000, 0x00000000c1a00000|100%| O|  |TAMS 0x00000000c1a00000, 0x00000000c1900000| Untracked 
|  26|0x00000000c1a00000, 0x00000000c1b00000, 0x00000000c1b00000|100%| O|  |TAMS 0x00000000c1b00000, 0x00000000c1a00000| Untracked 
|  27|0x00000000c1b00000, 0x00000000c1c00000, 0x00000000c1c00000|100%| O|  |TAMS 0x00000000c1c00000, 0x00000000c1b00000| Untracked 
|  28|0x00000000c1c00000, 0x00000000c1d00000, 0x00000000c1d00000|100%| O|  |TAMS 0x00000000c1d00000, 0x00000000c1c00000| Untracked 
|  29|0x00000000c1d00000, 0x00000000c1e00000, 0x00000000c1e00000|100%| O|  |TAMS 0x00000000c1e00000, 0x00000000c1d00000| Untracked 
|  30|0x00000000c1e00000, 0x00000000c1f00000, 0x00000000c1f00000|100%| O|  |TAMS 0x00000000c1f00000, 0x00000000c1e00000| Untracked 
|  31|0x00000000c1f00000, 0x00000000c2000000, 0x00000000c2000000|100%| O|  |TAMS 0x00000000c2000000, 0x00000000c1f00000| Untracked 
|  32|0x00000000c2000000, 0x00000000c2100000, 0x00000000c2100000|100%| O|  |TAMS 0x00000000c2100000, 0x00000000c2000000| Untracked 
|  33|0x00000000c2100000, 0x00000000c2200000, 0x00000000c2200000|100%| O|  |TAMS 0x00000000c2200000, 0x00000000c2100000| Untracked 
|  34|0x00000000c2200000, 0x00000000c2300000, 0x00000000c2300000|100%| O|  |TAMS 0x00000000c2300000, 0x00000000c2200000| Untracked 
|  35|0x00000000c2300000, 0x00000000c2400000, 0x00000000c2400000|100%| O|  |TAMS 0x00000000c2400000, 0x00000000c2300000| Untracked 
|  36|0x00000000c2400000, 0x00000000c2500000, 0x00000000c2500000|100%| O|  |TAMS 0x00000000c2500000, 0x00000000c2400000| Untracked 
|  37|0x00000000c2500000, 0x00000000c2600000, 0x00000000c2600000|100%| O|  |TAMS 0x00000000c2600000, 0x00000000c2500000| Untracked 
|  38|0x00000000c2600000, 0x00000000c2700000, 0x00000000c2700000|100%| O|  |TAMS 0x00000000c2700000, 0x00000000c2600000| Untracked 
|  39|0x00000000c2700000, 0x00000000c2800000, 0x00000000c2800000|100%| O|  |TAMS 0x00000000c2800000, 0x00000000c2700000| Untracked 
|  40|0x00000000c2800000, 0x00000000c2900000, 0x00000000c2900000|100%| O|  |TAMS 0x00000000c2800000, 0x00000000c2800000| Untracked 
|  41|0x00000000c2900000, 0x00000000c2a00000, 0x00000000c2a00000|100%| O|  |TAMS 0x00000000c2900000, 0x00000000c2900000| Untracked 
|  42|0x00000000c2a00000, 0x00000000c2b00000, 0x00000000c2b00000|100%| O|  |TAMS 0x00000000c2a00000, 0x00000000c2a00000| Untracked 
|  43|0x00000000c2b00000, 0x00000000c2c00000, 0x00000000c2c00000|100%| O|  |TAMS 0x00000000c2b00000, 0x00000000c2b00000| Untracked 
|  44|0x00000000c2c00000, 0x00000000c2d00000, 0x00000000c2d00000|100%| O|  |TAMS 0x00000000c2c00000, 0x00000000c2c00000| Untracked 
|  45|0x00000000c2d00000, 0x00000000c2e00000, 0x00000000c2e00000|100%| O|  |TAMS 0x00000000c2d00000, 0x00000000c2d00000| Untracked 
|  46|0x00000000c2e00000, 0x00000000c2f00000, 0x00000000c2f00000|100%| O|  |TAMS 0x00000000c2e00000, 0x00000000c2e00000| Untracked 
|  47|0x00000000c2f00000, 0x00000000c3000000, 0x00000000c3000000|100%| O|  |TAMS 0x00000000c2f00000, 0x00000000c2f00000| Untracked 
|  48|0x00000000c3000000, 0x00000000c3100000, 0x00000000c3100000|100%| O|  |TAMS 0x00000000c3000000, 0x00000000c3000000| Untracked 
|  49|0x00000000c3100000, 0x00000000c3200000, 0x00000000c3200000|100%| O|  |TAMS 0x00000000c3100000, 0x00000000c3100000| Untracked 
|  50|0x00000000c3200000, 0x00000000c3300000, 0x00000000c3300000|100%| O|  |TAMS 0x00000000c3200000, 0x00000000c3200000| Untracked 
|  51|0x00000000c3300000, 0x00000000c3400000, 0x00000000c3400000|100%| O|  |TAMS 0x00000000c3300000, 0x00000000c3300000| Untracked 
|  52|0x00000000c3400000, 0x00000000c3500000, 0x00000000c3500000|100%| O|  |TAMS 0x00000000c3400000, 0x00000000c3400000| Untracked 
|  53|0x00000000c3500000, 0x00000000c3600000, 0x00000000c3600000|100%| O|  |TAMS 0x00000000c3500000, 0x00000000c3500000| Untracked 
|  54|0x00000000c3600000, 0x00000000c3700000, 0x00000000c3700000|100%| O|  |TAMS 0x00000000c3600000, 0x00000000c3600000| Untracked 
|  55|0x00000000c3700000, 0x00000000c3800000, 0x00000000c3800000|100%| O|  |TAMS 0x00000000c3700000, 0x00000000c3700000| Untracked 
|  56|0x00000000c3800000, 0x00000000c3900000, 0x00000000c3900000|100%| O|  |TAMS 0x00000000c3800000, 0x00000000c3800000| Untracked 
|  57|0x00000000c3900000, 0x00000000c3a00000, 0x00000000c3a00000|100%| O|  |TAMS 0x00000000c3900000, 0x00000000c3900000| Untracked 
|  58|0x00000000c3a00000, 0x00000000c3b00000, 0x00000000c3b00000|100%| O|  |TAMS 0x00000000c3a00000, 0x00000000c3a00000| Untracked 
|  59|0x00000000c3b00000, 0x00000000c3c00000, 0x00000000c3c00000|100%| O|  |TAMS 0x00000000c3b00000, 0x00000000c3b00000| Untracked 
|  60|0x00000000c3c00000, 0x00000000c3d00000, 0x00000000c3d00000|100%| O|  |TAMS 0x00000000c3c00000, 0x00000000c3c00000| Untracked 
|  61|0x00000000c3d00000, 0x00000000c3e00000, 0x00000000c3e00000|100%| O|  |TAMS 0x00000000c3d00000, 0x00000000c3d00000| Untracked 
|  62|0x00000000c3e00000, 0x00000000c3f00000, 0x00000000c3f00000|100%| O|  |TAMS 0x00000000c3e00000, 0x00000000c3e00000| Untracked 
|  63|0x00000000c3f00000, 0x00000000c4000000, 0x00000000c4000000|100%| O|  |TAMS 0x00000000c3f00000, 0x00000000c3f00000| Untracked 
|  64|0x00000000c4000000, 0x00000000c4100000, 0x00000000c4100000|100%| O|  |TAMS 0x00000000c4000000, 0x00000000c4000000| Untracked 
|  65|0x00000000c4100000, 0x00000000c4200000, 0x00000000c4200000|100%| O|  |TAMS 0x00000000c4100000, 0x00000000c4100000| Untracked 
|  66|0x00000000c4200000, 0x00000000c4200000, 0x00000000c4300000|  0%| F|  |TAMS 0x00000000c4200000, 0x00000000c4200000| Untracked 
|  67|0x00000000c4300000, 0x00000000c4300000, 0x00000000c4400000|  0%| F|  |TAMS 0x00000000c4300000, 0x00000000c4300000| Untracked 
|  68|0x00000000c4400000, 0x00000000c4400000, 0x00000000c4500000|  0%| F|  |TAMS 0x00000000c4400000, 0x00000000c4400000| Untracked 
|  69|0x00000000c4500000, 0x00000000c4500000, 0x00000000c4600000|  0%| F|  |TAMS 0x00000000c4500000, 0x00000000c4500000| Untracked 
|  70|0x00000000c4600000, 0x00000000c4600000, 0x00000000c4700000|  0%| F|  |TAMS 0x00000000c4600000, 0x00000000c4600000| Untracked 
|  71|0x00000000c4700000, 0x00000000c4700000, 0x00000000c4800000|  0%| F|  |TAMS 0x00000000c4700000, 0x00000000c4700000| Untracked 
|  72|0x00000000c4800000, 0x00000000c4800000, 0x00000000c4900000|  0%| F|  |TAMS 0x00000000c4800000, 0x00000000c4800000| Untracked 
|  73|0x00000000c4900000, 0x00000000c4900000, 0x00000000c4a00000|  0%| F|  |TAMS 0x00000000c4900000, 0x00000000c4900000| Untracked 
|  74|0x00000000c4a00000, 0x00000000c4a00000, 0x00000000c4b00000|  0%| F|  |TAMS 0x00000000c4a00000, 0x00000000c4a00000| Untracked 
|  75|0x00000000c4b00000, 0x00000000c4b00000, 0x00000000c4c00000|  0%| F|  |TAMS 0x00000000c4b00000, 0x00000000c4b00000| Untracked 
|  76|0x00000000c4c00000, 0x00000000c4c00000, 0x00000000c4d00000|  0%| F|  |TAMS 0x00000000c4c00000, 0x00000000c4c00000| Untracked 
|  77|0x00000000c4d00000, 0x00000000c4d00000, 0x00000000c4e00000|  0%| F|  |TAMS 0x00000000c4d00000, 0x00000000c4d00000| Untracked 
|  78|0x00000000c4e00000, 0x00000000c4e00000, 0x00000000c4f00000|  0%| F|  |TAMS 0x00000000c4e00000, 0x00000000c4e00000| Untracked 
|  79|0x00000000c4f00000, 0x00000000c4f00000, 0x00000000c5000000|  0%| F|  |TAMS 0x00000000c4f00000, 0x00000000c4f00000| Untracked 
|  80|0x00000000c5000000, 0x00000000c5000000, 0x00000000c5100000|  0%| F|  |TAMS 0x00000000c5000000, 0x00000000c5000000| Untracked 
|  81|0x00000000c5100000, 0x00000000c5100000, 0x00000000c5200000|  0%| F|  |TAMS 0x00000000c5100000, 0x00000000c5100000| Untracked 
|  82|0x00000000c5200000, 0x00000000c5200000, 0x00000000c5300000|  0%| F|  |TAMS 0x00000000c5200000, 0x00000000c5200000| Untracked 
|  83|0x00000000c5300000, 0x00000000c5300000, 0x00000000c5400000|  0%| F|  |TAMS 0x00000000c5300000, 0x00000000c5300000| Untracked 
|  84|0x00000000c5400000, 0x00000000c5400000, 0x00000000c5500000|  0%| F|  |TAMS 0x00000000c5400000, 0x00000000c5400000| Untracked 
|  85|0x00000000c5500000, 0x00000000c5500000, 0x00000000c5600000|  0%| F|  |TAMS 0x00000000c5500000, 0x00000000c5500000| Untracked 
|  86|0x00000000c5600000, 0x00000000c5600000, 0x00000000c5700000|  0%| F|  |TAMS 0x00000000c5600000, 0x00000000c5600000| Untracked 
|  87|0x00000000c5700000, 0x00000000c5700000, 0x00000000c5800000|  0%| F|  |TAMS 0x00000000c5700000, 0x00000000c5700000| Untracked 
|  88|0x00000000c5800000, 0x00000000c5800000, 0x00000000c5900000|  0%| F|  |TAMS 0x00000000c5800000, 0x00000000c5800000| Untracked 
|  89|0x00000000c5900000, 0x00000000c594e9b8, 0x00000000c5a00000| 30%| S|CS|TAMS 0x00000000c5900000, 0x00000000c5900000| Complete 
|  90|0x00000000c5a00000, 0x00000000c5a00000, 0x00000000c5b00000|  0%| F|  |TAMS 0x00000000c5a00000, 0x00000000c5a00000| Untracked 
|  91|0x00000000c5b00000, 0x00000000c5b00000, 0x00000000c5c00000|  0%| F|  |TAMS 0x00000000c5b00000, 0x00000000c5b00000| Untracked 
|  92|0x00000000c5c00000, 0x00000000c5c00000, 0x00000000c5d00000|  0%| F|  |TAMS 0x00000000c5c00000, 0x00000000c5c00000| Untracked 
|  93|0x00000000c5d00000, 0x00000000c5d00000, 0x00000000c5e00000|  0%| F|  |TAMS 0x00000000c5d00000, 0x00000000c5d00000| Untracked 
|  94|0x00000000c5e00000, 0x00000000c5e00000, 0x00000000c5f00000|  0%| F|  |TAMS 0x00000000c5e00000, 0x00000000c5e00000| Untracked 
|  95|0x00000000c5f00000, 0x00000000c5f00000, 0x00000000c6000000|  0%| F|  |TAMS 0x00000000c5f00000, 0x00000000c5f00000| Untracked 
|  96|0x00000000c6000000, 0x00000000c6000000, 0x00000000c6100000|  0%| F|  |TAMS 0x00000000c6000000, 0x00000000c6000000| Untracked 
|  97|0x00000000c6100000, 0x00000000c6100000, 0x00000000c6200000|  0%| F|  |TAMS 0x00000000c6100000, 0x00000000c6100000| Untracked 
|  98|0x00000000c6200000, 0x00000000c6200000, 0x00000000c6300000|  0%| F|  |TAMS 0x00000000c6200000, 0x00000000c6200000| Untracked 
|  99|0x00000000c6300000, 0x00000000c6300000, 0x00000000c6400000|  0%| F|  |TAMS 0x00000000c6300000, 0x00000000c6300000| Untracked 
| 100|0x00000000c6400000, 0x00000000c6400000, 0x00000000c6500000|  0%| F|  |TAMS 0x00000000c6400000, 0x00000000c6400000| Untracked 
| 101|0x00000000c6500000, 0x00000000c6500000, 0x00000000c6600000|  0%| F|  |TAMS 0x00000000c6500000, 0x00000000c6500000| Untracked 
| 102|0x00000000c6600000, 0x00000000c6600000, 0x00000000c6700000|  0%| F|  |TAMS 0x00000000c6600000, 0x00000000c6600000| Untracked 
| 103|0x00000000c6700000, 0x00000000c6700000, 0x00000000c6800000|  0%| F|  |TAMS 0x00000000c6700000, 0x00000000c6700000| Untracked 
| 104|0x00000000c6800000, 0x00000000c6800000, 0x00000000c6900000|  0%| F|  |TAMS 0x00000000c6800000, 0x00000000c6800000| Untracked 
| 105|0x00000000c6900000, 0x00000000c6900000, 0x00000000c6a00000|  0%| F|  |TAMS 0x00000000c6900000, 0x00000000c6900000| Untracked 
| 106|0x00000000c6a00000, 0x00000000c6a00000, 0x00000000c6b00000|  0%| F|  |TAMS 0x00000000c6a00000, 0x00000000c6a00000| Untracked 
| 107|0x00000000c6b00000, 0x00000000c6b00000, 0x00000000c6c00000|  0%| F|  |TAMS 0x00000000c6b00000, 0x00000000c6b00000| Untracked 
| 108|0x00000000c6c00000, 0x00000000c6c00000, 0x00000000c6d00000|  0%| F|  |TAMS 0x00000000c6c00000, 0x00000000c6c00000| Untracked 
| 109|0x00000000c6d00000, 0x00000000c6d00000, 0x00000000c6e00000|  0%| F|  |TAMS 0x00000000c6d00000, 0x00000000c6d00000| Untracked 
| 110|0x00000000c6e00000, 0x00000000c6e00000, 0x00000000c6f00000|  0%| F|  |TAMS 0x00000000c6e00000, 0x00000000c6e00000| Untracked 
| 111|0x00000000c6f00000, 0x00000000c6f00000, 0x00000000c7000000|  0%| F|  |TAMS 0x00000000c6f00000, 0x00000000c6f00000| Untracked 
| 112|0x00000000c7000000, 0x00000000c7000000, 0x00000000c7100000|  0%| F|  |TAMS 0x00000000c7000000, 0x00000000c7000000| Untracked 
| 113|0x00000000c7100000, 0x00000000c7100000, 0x00000000c7200000|  0%| F|  |TAMS 0x00000000c7100000, 0x00000000c7100000| Untracked 
| 114|0x00000000c7200000, 0x00000000c7200000, 0x00000000c7300000|  0%| F|  |TAMS 0x00000000c7200000, 0x00000000c7200000| Untracked 
| 115|0x00000000c7300000, 0x00000000c7300000, 0x00000000c7400000|  0%| F|  |TAMS 0x00000000c7300000, 0x00000000c7300000| Untracked 
| 116|0x00000000c7400000, 0x00000000c7400000, 0x00000000c7500000|  0%| F|  |TAMS 0x00000000c7400000, 0x00000000c7400000| Untracked 
| 117|0x00000000c7500000, 0x00000000c7500000, 0x00000000c7600000|  0%| F|  |TAMS 0x00000000c7500000, 0x00000000c7500000| Untracked 
| 118|0x00000000c7600000, 0x00000000c7600000, 0x00000000c7700000|  0%| F|  |TAMS 0x00000000c7600000, 0x00000000c7600000| Untracked 
| 119|0x00000000c7700000, 0x00000000c7700000, 0x00000000c7800000|  0%| F|  |TAMS 0x00000000c7700000, 0x00000000c7700000| Untracked 
| 120|0x00000000c7800000, 0x00000000c7800000, 0x00000000c7900000|  0%| F|  |TAMS 0x00000000c7800000, 0x00000000c7800000| Untracked 
| 121|0x00000000c7900000, 0x00000000c7900000, 0x00000000c7a00000|  0%| F|  |TAMS 0x00000000c7900000, 0x00000000c7900000| Untracked 
| 122|0x00000000c7a00000, 0x00000000c7a00000, 0x00000000c7b00000|  0%| F|  |TAMS 0x00000000c7a00000, 0x00000000c7a00000| Untracked 
| 123|0x00000000c7b00000, 0x00000000c7b00000, 0x00000000c7c00000|  0%| F|  |TAMS 0x00000000c7b00000, 0x00000000c7b00000| Untracked 
| 124|0x00000000c7c00000, 0x00000000c7c00000, 0x00000000c7d00000|  0%| F|  |TAMS 0x00000000c7c00000, 0x00000000c7c00000| Untracked 
| 125|0x00000000c7d00000, 0x00000000c7d00000, 0x00000000c7e00000|  0%| F|  |TAMS 0x00000000c7d00000, 0x00000000c7d00000| Untracked 
| 126|0x00000000c7e00000, 0x00000000c7e00000, 0x00000000c7f00000|  0%| F|  |TAMS 0x00000000c7e00000, 0x00000000c7e00000| Untracked 
| 127|0x00000000c7f00000, 0x00000000c7f00000, 0x00000000c8000000|  0%| F|  |TAMS 0x00000000c7f00000, 0x00000000c7f00000| Untracked 
| 128|0x00000000c8000000, 0x00000000c8000000, 0x00000000c8100000|  0%| F|  |TAMS 0x00000000c8000000, 0x00000000c8000000| Untracked 
| 129|0x00000000c8100000, 0x00000000c8100000, 0x00000000c8200000|  0%| F|  |TAMS 0x00000000c8100000, 0x00000000c8100000| Untracked 
| 130|0x00000000c8200000, 0x00000000c8200000, 0x00000000c8300000|  0%| F|  |TAMS 0x00000000c8200000, 0x00000000c8200000| Untracked 
| 131|0x00000000c8300000, 0x00000000c8300000, 0x00000000c8400000|  0%| F|  |TAMS 0x00000000c8300000, 0x00000000c8300000| Untracked 
| 132|0x00000000c8400000, 0x00000000c8400000, 0x00000000c8500000|  0%| F|  |TAMS 0x00000000c8400000, 0x00000000c8400000| Untracked 
| 133|0x00000000c8500000, 0x00000000c8500000, 0x00000000c8600000|  0%| F|  |TAMS 0x00000000c8500000, 0x00000000c8500000| Untracked 
| 134|0x00000000c8600000, 0x00000000c8600000, 0x00000000c8700000|  0%| F|  |TAMS 0x00000000c8600000, 0x00000000c8600000| Untracked 
| 135|0x00000000c8700000, 0x00000000c8700000, 0x00000000c8800000|  0%| F|  |TAMS 0x00000000c8700000, 0x00000000c8700000| Untracked 
| 136|0x00000000c8800000, 0x00000000c8800000, 0x00000000c8900000|  0%| F|  |TAMS 0x00000000c8800000, 0x00000000c8800000| Untracked 
| 137|0x00000000c8900000, 0x00000000c8900000, 0x00000000c8a00000|  0%| F|  |TAMS 0x00000000c8900000, 0x00000000c8900000| Untracked 
| 138|0x00000000c8a00000, 0x00000000c8a00000, 0x00000000c8b00000|  0%| F|  |TAMS 0x00000000c8a00000, 0x00000000c8a00000| Untracked 
| 139|0x00000000c8b00000, 0x00000000c8b00000, 0x00000000c8c00000|  0%| F|  |TAMS 0x00000000c8b00000, 0x00000000c8b00000| Untracked 
| 140|0x00000000c8c00000, 0x00000000c8c00000, 0x00000000c8d00000|  0%| F|  |TAMS 0x00000000c8c00000, 0x00000000c8c00000| Untracked 
| 141|0x00000000c8d00000, 0x00000000c8d00000, 0x00000000c8e00000|  0%| F|  |TAMS 0x00000000c8d00000, 0x00000000c8d00000| Untracked 
| 142|0x00000000c8e00000, 0x00000000c8e00000, 0x00000000c8f00000|  0%| F|  |TAMS 0x00000000c8e00000, 0x00000000c8e00000| Untracked 
| 143|0x00000000c8f00000, 0x00000000c8f00000, 0x00000000c9000000|  0%| F|  |TAMS 0x00000000c8f00000, 0x00000000c8f00000| Untracked 
| 144|0x00000000c9000000, 0x00000000c9000000, 0x00000000c9100000|  0%| F|  |TAMS 0x00000000c9000000, 0x00000000c9000000| Untracked 
| 145|0x00000000c9100000, 0x00000000c9100000, 0x00000000c9200000|  0%| F|  |TAMS 0x00000000c9100000, 0x00000000c9100000| Untracked 
| 146|0x00000000c9200000, 0x00000000c9200000, 0x00000000c9300000|  0%| F|  |TAMS 0x00000000c9200000, 0x00000000c9200000| Untracked 
| 147|0x00000000c9300000, 0x00000000c9300000, 0x00000000c9400000|  0%| F|  |TAMS 0x00000000c9300000, 0x00000000c9300000| Untracked 
| 148|0x00000000c9400000, 0x00000000c9400000, 0x00000000c9500000|  0%| F|  |TAMS 0x00000000c9400000, 0x00000000c9400000| Untracked 
| 149|0x00000000c9500000, 0x00000000c9500000, 0x00000000c9600000|  0%| F|  |TAMS 0x00000000c9500000, 0x00000000c9500000| Untracked 
| 150|0x00000000c9600000, 0x00000000c9600000, 0x00000000c9700000|  0%| F|  |TAMS 0x00000000c9600000, 0x00000000c9600000| Untracked 
| 151|0x00000000c9700000, 0x00000000c9700000, 0x00000000c9800000|  0%| F|  |TAMS 0x00000000c9700000, 0x00000000c9700000| Untracked 
| 152|0x00000000c9800000, 0x00000000c9800000, 0x00000000c9900000|  0%| F|  |TAMS 0x00000000c9800000, 0x00000000c9800000| Untracked 
| 153|0x00000000c9900000, 0x00000000c9900000, 0x00000000c9a00000|  0%| F|  |TAMS 0x00000000c9900000, 0x00000000c9900000| Untracked 
| 154|0x00000000c9a00000, 0x00000000c9a00000, 0x00000000c9b00000|  0%| F|  |TAMS 0x00000000c9a00000, 0x00000000c9a00000| Untracked 
| 155|0x00000000c9b00000, 0x00000000c9b00000, 0x00000000c9c00000|  0%| F|  |TAMS 0x00000000c9b00000, 0x00000000c9b00000| Untracked 
| 156|0x00000000c9c00000, 0x00000000c9c00000, 0x00000000c9d00000|  0%| F|  |TAMS 0x00000000c9c00000, 0x00000000c9c00000| Untracked 
| 157|0x00000000c9d00000, 0x00000000c9d00000, 0x00000000c9e00000|  0%| F|  |TAMS 0x00000000c9d00000, 0x00000000c9d00000| Untracked 
| 158|0x00000000c9e00000, 0x00000000c9e00000, 0x00000000c9f00000|  0%| F|  |TAMS 0x00000000c9e00000, 0x00000000c9e00000| Untracked 
| 159|0x00000000c9f00000, 0x00000000c9f00000, 0x00000000ca000000|  0%| F|  |TAMS 0x00000000c9f00000, 0x00000000c9f00000| Untracked 
| 160|0x00000000ca000000, 0x00000000ca000000, 0x00000000ca100000|  0%| F|  |TAMS 0x00000000ca000000, 0x00000000ca000000| Untracked 
| 161|0x00000000ca100000, 0x00000000ca100000, 0x00000000ca200000|  0%| F|  |TAMS 0x00000000ca100000, 0x00000000ca100000| Untracked 
| 162|0x00000000ca200000, 0x00000000ca200000, 0x00000000ca300000|  0%| F|  |TAMS 0x00000000ca200000, 0x00000000ca200000| Untracked 
| 163|0x00000000ca300000, 0x00000000ca300000, 0x00000000ca400000|  0%| F|  |TAMS 0x00000000ca300000, 0x00000000ca300000| Untracked 
| 164|0x00000000ca400000, 0x00000000ca400000, 0x00000000ca500000|  0%| F|  |TAMS 0x00000000ca400000, 0x00000000ca400000| Untracked 
| 165|0x00000000ca500000, 0x00000000ca500000, 0x00000000ca600000|  0%| F|  |TAMS 0x00000000ca500000, 0x00000000ca500000| Untracked 
| 166|0x00000000ca600000, 0x00000000ca600000, 0x00000000ca700000|  0%| F|  |TAMS 0x00000000ca600000, 0x00000000ca600000| Untracked 
| 167|0x00000000ca700000, 0x00000000ca700000, 0x00000000ca800000|  0%| F|  |TAMS 0x00000000ca700000, 0x00000000ca700000| Untracked 
| 168|0x00000000ca800000, 0x00000000ca800000, 0x00000000ca900000|  0%| F|  |TAMS 0x00000000ca800000, 0x00000000ca800000| Untracked 
| 169|0x00000000ca900000, 0x00000000ca900000, 0x00000000caa00000|  0%| F|  |TAMS 0x00000000ca900000, 0x00000000ca900000| Untracked 
| 170|0x00000000caa00000, 0x00000000caa00000, 0x00000000cab00000|  0%| F|  |TAMS 0x00000000caa00000, 0x00000000caa00000| Untracked 
| 171|0x00000000cab00000, 0x00000000cab00000, 0x00000000cac00000|  0%| F|  |TAMS 0x00000000cab00000, 0x00000000cab00000| Untracked 
| 172|0x00000000cac00000, 0x00000000cac00000, 0x00000000cad00000|  0%| F|  |TAMS 0x00000000cac00000, 0x00000000cac00000| Untracked 
| 173|0x00000000cad00000, 0x00000000cad00000, 0x00000000cae00000|  0%| F|  |TAMS 0x00000000cad00000, 0x00000000cad00000| Untracked 
| 174|0x00000000cae00000, 0x00000000cae00000, 0x00000000caf00000|  0%| F|  |TAMS 0x00000000cae00000, 0x00000000cae00000| Untracked 
| 175|0x00000000caf00000, 0x00000000caf00000, 0x00000000cb000000|  0%| F|  |TAMS 0x00000000caf00000, 0x00000000caf00000| Untracked 
| 176|0x00000000cb000000, 0x00000000cb000000, 0x00000000cb100000|  0%| F|  |TAMS 0x00000000cb000000, 0x00000000cb000000| Untracked 
| 177|0x00000000cb100000, 0x00000000cb100000, 0x00000000cb200000|  0%| F|  |TAMS 0x00000000cb100000, 0x00000000cb100000| Untracked 
| 178|0x00000000cb200000, 0x00000000cb200000, 0x00000000cb300000|  0%| F|  |TAMS 0x00000000cb200000, 0x00000000cb200000| Untracked 
| 179|0x00000000cb300000, 0x00000000cb300000, 0x00000000cb400000|  0%| F|  |TAMS 0x00000000cb300000, 0x00000000cb300000| Untracked 
| 180|0x00000000cb400000, 0x00000000cb400000, 0x00000000cb500000|  0%| F|  |TAMS 0x00000000cb400000, 0x00000000cb400000| Untracked 
| 181|0x00000000cb500000, 0x00000000cb500000, 0x00000000cb600000|  0%| F|  |TAMS 0x00000000cb500000, 0x00000000cb500000| Untracked 
| 182|0x00000000cb600000, 0x00000000cb600000, 0x00000000cb700000|  0%| F|  |TAMS 0x00000000cb600000, 0x00000000cb600000| Untracked 
| 183|0x00000000cb700000, 0x00000000cb700000, 0x00000000cb800000|  0%| F|  |TAMS 0x00000000cb700000, 0x00000000cb700000| Untracked 
| 184|0x00000000cb800000, 0x00000000cb800000, 0x00000000cb900000|  0%| F|  |TAMS 0x00000000cb800000, 0x00000000cb800000| Untracked 
| 185|0x00000000cb900000, 0x00000000cb900000, 0x00000000cba00000|  0%| F|  |TAMS 0x00000000cb900000, 0x00000000cb900000| Untracked 
| 186|0x00000000cba00000, 0x00000000cba00000, 0x00000000cbb00000|  0%| F|  |TAMS 0x00000000cba00000, 0x00000000cba00000| Untracked 
| 187|0x00000000cbb00000, 0x00000000cbb00000, 0x00000000cbc00000|  0%| F|  |TAMS 0x00000000cbb00000, 0x00000000cbb00000| Untracked 
| 188|0x00000000cbc00000, 0x00000000cbc00000, 0x00000000cbd00000|  0%| F|  |TAMS 0x00000000cbc00000, 0x00000000cbc00000| Untracked 
| 189|0x00000000cbd00000, 0x00000000cbd00000, 0x00000000cbe00000|  0%| F|  |TAMS 0x00000000cbd00000, 0x00000000cbd00000| Untracked 
|1007|0x00000000fef00000, 0x00000000ff000000, 0x00000000ff000000|100%| O|  |TAMS 0x00000000fef00000, 0x00000000fef00000| Untracked 
|1008|0x00000000ff000000, 0x00000000ff100000, 0x00000000ff100000|100%| O|  |TAMS 0x00000000ff000000, 0x00000000ff000000| Untracked 
|1009|0x00000000ff100000, 0x00000000ff200000, 0x00000000ff200000|100%| O|  |TAMS 0x00000000ff100000, 0x00000000ff100000| Untracked 
|1010|0x00000000ff200000, 0x00000000ff300000, 0x00000000ff300000|100%| O|  |TAMS 0x00000000ff200000, 0x00000000ff200000| Untracked 
|1011|0x00000000ff300000, 0x00000000ff400000, 0x00000000ff400000|100%| O|  |TAMS 0x00000000ff300000, 0x00000000ff300000| Untracked 
|1012|0x00000000ff400000, 0x00000000ff500000, 0x00000000ff500000|100%| O|  |TAMS 0x00000000ff400000, 0x00000000ff400000| Untracked 
|1013|0x00000000ff500000, 0x00000000ff600000, 0x00000000ff600000|100%| O|  |TAMS 0x00000000ff500000, 0x00000000ff500000| Untracked 
|1014|0x00000000ff600000, 0x00000000ff700000, 0x00000000ff700000|100%| O|  |TAMS 0x00000000ff600000, 0x00000000ff600000| Untracked 
|1015|0x00000000ff700000, 0x00000000ff800000, 0x00000000ff800000|100%| O|  |TAMS 0x00000000ff700000, 0x00000000ff700000| Untracked 
|1016|0x00000000ff800000, 0x00000000ff900000, 0x00000000ff900000|100%| O|  |TAMS 0x00000000ff800000, 0x00000000ff800000| Untracked 
|1017|0x00000000ff900000, 0x00000000ffa00000, 0x00000000ffa00000|100%| O|  |TAMS 0x00000000ff900000, 0x00000000ff900000| Untracked 
|1018|0x00000000ffa00000, 0x00000000ffb00000, 0x00000000ffb00000|100%| O|  |TAMS 0x00000000ffa00000, 0x00000000ffa00000| Untracked 
|1019|0x00000000ffb00000, 0x00000000ffc00000, 0x00000000ffc00000|100%| O|  |TAMS 0x00000000ffb00000, 0x00000000ffb00000| Untracked 
|1020|0x00000000ffc00000, 0x00000000ffd00000, 0x00000000ffd00000|100%| O|  |TAMS 0x00000000ffc00000, 0x00000000ffc00000| Untracked 
|1021|0x00000000ffd00000, 0x00000000ffe00000, 0x00000000ffe00000|100%| O|  |TAMS 0x00000000ffd00000, 0x00000000ffd00000| Untracked 
|1022|0x00000000ffe00000, 0x00000000fff00000, 0x00000000fff00000|100%| O|  |TAMS 0x00000000ffe00000, 0x00000000ffe00000| Untracked 
|1023|0x00000000fff00000, 0x0000000100000000, 0x0000000100000000|100%| O|  |TAMS 0x00000000fff00000, 0x00000000fff00000| Untracked 

Card table byte_map: [0x0000015b50fc0000,0x0000015b511c0000] _byte_map_base: 0x0000015b509c0000

Marking Bits (Prev, Next): (CMBitMap*) 0x0000015b39ff0100, (CMBitMap*) 0x0000015b39ff0140
 Prev Bits: [0x0000015b513c0000, 0x0000015b523c0000)
 Next Bits: [0x0000015b523c0000, 0x0000015b533c0000)

Polling page: 0x0000015b37fb0000

Metaspace:

Usage:
  Non-class:     54.38 MB used.
      Class:      8.55 MB used.
       Both:     62.93 MB used.

Virtual space:
  Non-class space:       56.00 MB reserved,      54.69 MB ( 98%) committed,  7 nodes.
      Class space:        1.00 GB reserved,       8.81 MB ( <1%) committed,  1 nodes.
             Both:        1.05 GB reserved,      63.50 MB (  6%) committed. 

Chunk freelists:
   Non-Class:  718.00 KB
       Class:  3.04 MB
        Both:  3.74 MB

MaxMetaspaceSize: unlimited
CompressedClassSpaceSize: 1.00 GB
Initial GC threshold: 21.00 MB
Current GC threshold: 92.31 MB
CDS: on
MetaspaceReclaimPolicy: balanced
 - commit_granule_bytes: 65536.
 - commit_granule_words: 8192.
 - virtual_space_node_default_size: 1048576.
 - enlarge_chunks_in_place: 1.
 - new_chunks_are_fully_committed: 0.
 - uncommit_free_chunks: 1.
 - use_allocation_guard: 0.
 - handle_deallocations: 1.


Internal statistics:

num_allocs_failed_limit: 6.
num_arena_births: 650.
num_arena_deaths: 0.
num_vsnodes_births: 8.
num_vsnodes_deaths: 0.
num_space_committed: 1016.
num_space_uncommitted: 0.
num_chunks_returned_to_freelist: 6.
num_chunks_taken_from_freelist: 3019.
num_chunk_merges: 6.
num_chunk_splits: 1963.
num_chunks_enlarged: 1293.
num_purges: 0.
num_inconsistent_stats: 0.

CodeHeap 'non-profiled nmethods': size=120000Kb used=5331Kb max_used=5592Kb free=114668Kb
 bounds [0x0000015b49560000, 0x0000015b49ae0000, 0x0000015b50a90000]
CodeHeap 'profiled nmethods': size=120000Kb used=13289Kb max_used=15354Kb free=106710Kb
 bounds [0x0000015b42030000, 0x0000015b42f30000, 0x0000015b49560000]
CodeHeap 'non-nmethods': size=5760Kb used=2396Kb max_used=2464Kb free=3363Kb
 bounds [0x0000015b41a90000, 0x0000015b41d10000, 0x0000015b42030000]
 total_blobs=8005 nmethods=7095 adapters=822
 compilation: enabled
              stopped_count=0, restarted_count=0
 full_count=0

Compilation events (20 events):
Event: 262.931 Thread 0x0000015b55dc55f0 nmethod 8657 0x0000015b4975ac90 code [0x0000015b4975ae00, 0x0000015b4975ae78]
Event: 262.931 Thread 0x0000015b55dc55f0 8658       4       java.util.Scanner::saveState (9 bytes)
Event: 262.933 Thread 0x0000015b55dc55f0 nmethod 8658 0x0000015b4975a710 code [0x0000015b4975a880, 0x0000015b4975a8f8]
Event: 262.933 Thread 0x0000015b55dc55f0 8660       4       java.util.Scanner::findWithinHorizon (83 bytes)
Event: 262.944 Thread 0x0000015b55dc3cf0 nmethod 8655 0x0000015b420a4a90 code [0x0000015b420a4da0, 0x0000015b420a5f18]
Event: 262.944 Thread 0x0000015b55dc3cf0 8656       2       java.util.Scanner::findPatternInBuffer (169 bytes)
Event: 262.945 Thread 0x0000015b55dc3cf0 nmethod 8656 0x0000015b4218be10 code [0x0000015b4218c000, 0x0000015b4218c418]
Event: 262.946 Thread 0x0000015b55dc3cf0 8663 % !   3       net.fabricmc.loom.util.ipc.IPCServer::run @ 46 (200 bytes)
Event: 263.012 Thread 0x0000015b55dc3cf0 nmethod 8663% 0x0000015b42e0e690 code [0x0000015b42e0eae0, 0x0000015b42e10918]
Event: 263.012 Thread 0x0000015b55dc3cf0 8664   !   3       net.fabricmc.loom.util.ipc.IPCServer::run (200 bytes)
Event: 263.013 Thread 0x0000015b55dc3cf0 nmethod 8664 0x0000015b42c2c310 code [0x0000015b42c2c760, 0x0000015b42c2df58]
Event: 263.098 Thread 0x0000015b55dc55f0 nmethod 8660 0x0000015b496b8910 code [0x0000015b496b8ce0, 0x0000015b496bd530]
Event: 263.098 Thread 0x0000015b55dc55f0 8661       4       java.util.Scanner::hasNextLine (85 bytes)
Event: 263.118 Thread 0x0000015b55dc55f0 nmethod 8661 0x0000015b49800910 code [0x0000015b49800b60, 0x0000015b498021e8]
Event: 263.118 Thread 0x0000015b55dc55f0 8662       4       java.util.Scanner::findPatternInBuffer (169 bytes)
Event: 263.135 Thread 0x0000015b55dc55f0 nmethod 8662 0x0000015b4960e290 code [0x0000015b4960e4a0, 0x0000015b4960f628]
Event: 263.135 Thread 0x0000015b55dc55f0 8665 % !   4       net.fabricmc.loom.util.ipc.IPCServer::run @ 46 (200 bytes)
Event: 263.140 Thread 0x0000015b55dc55f0 nmethod 8665% 0x0000015b497fc290 code [0x0000015b497fc460, 0x0000015b497fc740]
Event: 263.141 Thread 0x0000015b55dc55f0 8659       4       java.util.regex.Matcher::region (79 bytes)
Event: 263.148 Thread 0x0000015b55dc55f0 nmethod 8659 0x0000015b499dae10 code [0x0000015b499dafc0, 0x0000015b499db4b8]

GC Heap History (20 events):
Event: 122.961 GC heap after
{Heap after GC invocations=27 (full 0):
 garbage-first heap   total 188416K, used 86384K [0x00000000c0000000, 0x0000000100000000)
  region size 1024K, 2 young (2048K), 2 survivors (2048K)
 Metaspace       used 64382K, committed 64960K, reserved 1105920K
  class space    used 8750K, committed 9024K, reserved 1048576K
}
Event: 171.695 GC heap before
{Heap before GC invocations=27 (full 0):
 garbage-first heap   total 188416K, used 142704K [0x00000000c0000000, 0x0000000100000000)
  region size 1024K, 57 young (58368K), 2 survivors (2048K)
 Metaspace       used 64389K, committed 64960K, reserved 1105920K
  class space    used 8750K, committed 9024K, reserved 1048576K
}
Event: 171.746 GC heap after
{Heap after GC invocations=28 (full 0):
 garbage-first heap   total 188416K, used 86348K [0x00000000c0000000, 0x0000000100000000)
  region size 1024K, 2 young (2048K), 2 survivors (2048K)
 Metaspace       used 64389K, committed 64960K, reserved 1105920K
  class space    used 8750K, committed 9024K, reserved 1048576K
}
Event: 213.365 GC heap before
{Heap before GC invocations=28 (full 0):
 garbage-first heap   total 188416K, used 145740K [0x00000000c0000000, 0x0000000100000000)
  region size 1024K, 60 young (61440K), 2 survivors (2048K)
 Metaspace       used 64403K, committed 64960K, reserved 1105920K
  class space    used 8750K, committed 9024K, reserved 1048576K
}
Event: 213.476 GC heap after
{Heap after GC invocations=29 (full 0):
 garbage-first heap   total 188416K, used 86356K [0x00000000c0000000, 0x0000000100000000)
  region size 1024K, 2 young (2048K), 2 survivors (2048K)
 Metaspace       used 64403K, committed 64960K, reserved 1105920K
  class space    used 8750K, committed 9024K, reserved 1048576K
}
Event: 257.228 GC heap before
{Heap before GC invocations=29 (full 0):
 garbage-first heap   total 188416K, used 148820K [0x00000000c0000000, 0x0000000100000000)
  region size 1024K, 63 young (64512K), 2 survivors (2048K)
 Metaspace       used 64418K, committed 64960K, reserved 1105920K
  class space    used 8751K, committed 9024K, reserved 1048576K
}
Event: 257.267 GC heap after
{Heap after GC invocations=30 (full 0):
 garbage-first heap   total 188416K, used 85414K [0x00000000c0000000, 0x0000000100000000)
  region size 1024K, 1 young (1024K), 1 survivors (1024K)
 Metaspace       used 64418K, committed 64960K, reserved 1105920K
  class space    used 8751K, committed 9024K, reserved 1048576K
}
Event: 263.039 GC heap before
{Heap before GC invocations=30 (full 0):
 garbage-first heap   total 188416K, used 151974K [0x00000000c0000000, 0x0000000100000000)
  region size 1024K, 66 young (67584K), 1 survivors (1024K)
 Metaspace       used 64435K, committed 65024K, reserved 1105920K
  class space    used 8751K, committed 9024K, reserved 1048576K
}
Event: 263.076 GC heap after
{Heap after GC invocations=31 (full 0):
 garbage-first heap   total 188416K, used 85335K [0x00000000c0000000, 0x0000000100000000)
  region size 1024K, 1 young (1024K), 1 survivors (1024K)
 Metaspace       used 64435K, committed 65024K, reserved 1105920K
  class space    used 8751K, committed 9024K, reserved 1048576K
}
Event: 263.156 GC heap before
{Heap before GC invocations=31 (full 0):
 garbage-first heap   total 188416K, used 154967K [0x00000000c0000000, 0x0000000100000000)
  region size 1024K, 69 young (70656K), 1 survivors (1024K)
 Metaspace       used 64435K, committed 65024K, reserved 1105920K
  class space    used 8751K, committed 9024K, reserved 1048576K
}
Event: 263.184 GC heap after
{Heap after GC invocations=32 (full 0):
 garbage-first heap   total 188416K, used 85327K [0x00000000c0000000, 0x0000000100000000)
  region size 1024K, 1 young (1024K), 1 survivors (1024K)
 Metaspace       used 64435K, committed 65024K, reserved 1105920K
  class space    used 8751K, committed 9024K, reserved 1048576K
}
Event: 263.199 GC heap before
{Heap before GC invocations=32 (full 0):
 garbage-first heap   total 188416K, used 132431K [0x00000000c0000000, 0x0000000100000000)
  region size 1024K, 47 young (48128K), 1 survivors (1024K)
 Metaspace       used 64435K, committed 65024K, reserved 1105920K
  class space    used 8751K, committed 9024K, reserved 1048576K
}
Event: 263.204 GC heap after
{Heap after GC invocations=33 (full 0):
 garbage-first heap   total 188416K, used 85298K [0x00000000c0000000, 0x0000000100000000)
  region size 1024K, 1 young (1024K), 1 survivors (1024K)
 Metaspace       used 64435K, committed 65024K, reserved 1105920K
  class space    used 8751K, committed 9024K, reserved 1048576K
}
Event: 263.333 GC heap before
{Heap before GC invocations=33 (full 0):
 garbage-first heap   total 188416K, used 159026K [0x00000000c0000000, 0x0000000100000000)
  region size 1024K, 73 young (74752K), 1 survivors (1024K)
 Metaspace       used 64435K, committed 65024K, reserved 1105920K
  class space    used 8751K, committed 9024K, reserved 1048576K
}
Event: 263.345 GC heap after
{Heap after GC invocations=34 (full 0):
 garbage-first heap   total 188416K, used 85310K [0x00000000c0000000, 0x0000000100000000)
  region size 1024K, 1 young (1024K), 1 survivors (1024K)
 Metaspace       used 64435K, committed 65024K, reserved 1105920K
  class space    used 8751K, committed 9024K, reserved 1048576K
}
Event: 263.369 GC heap before
{Heap before GC invocations=34 (full 0):
 garbage-first heap   total 188416K, used 160062K [0x00000000c0000000, 0x0000000100000000)
  region size 1024K, 74 young (75776K), 1 survivors (1024K)
 Metaspace       used 64435K, committed 65024K, reserved 1105920K
  class space    used 8751K, committed 9024K, reserved 1048576K
}
Event: 263.391 GC heap after
{Heap after GC invocations=35 (full 0):
 garbage-first heap   total 188416K, used 85311K [0x00000000c0000000, 0x0000000100000000)
  region size 1024K, 1 young (1024K), 1 survivors (1024K)
 Metaspace       used 64435K, committed 65024K, reserved 1105920K
  class space    used 8751K, committed 9024K, reserved 1048576K
}
Event: 263.455 GC heap before
{Heap before GC invocations=35 (full 0):
 garbage-first heap   total 188416K, used 162111K [0x00000000c0000000, 0x0000000100000000)
  region size 1024K, 76 young (77824K), 1 survivors (1024K)
 Metaspace       used 64435K, committed 65024K, reserved 1105920K
  class space    used 8751K, committed 9024K, reserved 1048576K
}
Event: 263.481 GC heap after
{Heap after GC invocations=36 (full 0):
 garbage-first heap   total 188416K, used 85306K [0x00000000c0000000, 0x0000000100000000)
  region size 1024K, 1 young (1024K), 1 survivors (1024K)
 Metaspace       used 64435K, committed 65024K, reserved 1105920K
  class space    used 8751K, committed 9024K, reserved 1048576K
}
Event: 263.533 GC heap before
{Heap before GC invocations=36 (full 0):
 garbage-first heap   total 188416K, used 163130K [0x00000000c0000000, 0x0000000100000000)
  region size 1024K, 77 young (78848K), 1 survivors (1024K)
 Metaspace       used 64435K, committed 65024K, reserved 1105920K
  class space    used 8751K, committed 9024K, reserved 1048576K
}

Deoptimization events (20 events):
Event: 249.346 Thread 0x0000015b58b3bc70 Uncommon trap: trap_request=0xffffffc6 fr.pc=0x0000015b49666e14 relative=0x0000000000000d74
Event: 249.346 Thread 0x0000015b58b3bc70 Uncommon trap: reason=bimorphic_or_optimized_type_check action=maybe_recompile pc=0x0000015b49666e14 method=org.gradle.internal.serialize.DefaultSerializerRegistry$TaggedTypeSerializer.write(Lorg/gradle/internal/serialize/Encoder;Ljava/lang/Object;)V @ 31
Event: 249.346 Thread 0x0000015b58b3bc70 DEOPT PACKING pc=0x0000015b49666e14 sp=0x00000054148ff210
Event: 249.348 Thread 0x0000015b58b3bc70 DEOPT UNPACKING pc=0x0000015b41ae5c23 sp=0x00000054148ff068 mode 2
Event: 261.651 Thread 0x0000015b58bf85e0 DEOPT PACKING pc=0x0000015b42c6303a sp=0x00000054143fe680
Event: 261.651 Thread 0x0000015b58bf85e0 DEOPT UNPACKING pc=0x0000015b41ae6763 sp=0x00000054143fdb10 mode 0
Event: 262.912 Thread 0x0000015b58230040 Uncommon trap: trap_request=0xffffff45 fr.pc=0x0000015b497e8f60 relative=0x0000000000002ae0
Event: 262.913 Thread 0x0000015b58230040 Uncommon trap: reason=unstable_if action=reinterpret pc=0x0000015b497e8f60 method=sun.nio.ch.SocketChannelImpl.read(Ljava/nio/ByteBuffer;)I @ 159 c2
Event: 262.913 Thread 0x0000015b58230040 DEOPT PACKING pc=0x0000015b497e8f60 sp=0x000000541b7ff1f0
Event: 262.917 Thread 0x0000015b58230040 DEOPT UNPACKING pc=0x0000015b41ae5c23 sp=0x000000541b7feff0 mode 2
Event: 262.922 Thread 0x0000015b58230040 Uncommon trap: trap_request=0xffffff45 fr.pc=0x0000015b4978f258 relative=0x0000000000002558
Event: 262.922 Thread 0x0000015b58230040 Uncommon trap: reason=unstable_if action=reinterpret pc=0x0000015b4978f258 method=java.io.Reader.read(Ljava/nio/CharBuffer;)I @ 66 c2
Event: 262.922 Thread 0x0000015b58230040 DEOPT PACKING pc=0x0000015b4978f258 sp=0x000000541b7ff2c0
Event: 262.928 Thread 0x0000015b58230040 DEOPT UNPACKING pc=0x0000015b41ae5c23 sp=0x000000541b7ff140 mode 2
Event: 262.928 Thread 0x0000015b58230040 Uncommon trap: trap_request=0xffffff45 fr.pc=0x0000015b49877708 relative=0x0000000000000ee8
Event: 262.928 Thread 0x0000015b58230040 Uncommon trap: reason=unstable_if action=reinterpret pc=0x0000015b49877708 method=java.util.Scanner.findPatternInBuffer(Ljava/util/regex/Pattern;I)Z @ 146 c2
Event: 262.928 Thread 0x0000015b58230040 DEOPT PACKING pc=0x0000015b49877708 sp=0x000000541b7ff1d0
Event: 262.928 Thread 0x0000015b58230040 DEOPT UNPACKING pc=0x0000015b41ae5c23 sp=0x000000541b7ff1b8 mode 2
Event: 263.155 Thread 0x0000015b58230040 DEOPT PACKING pc=0x0000015b42e10115 sp=0x000000541b7ff250
Event: 263.155 Thread 0x0000015b58230040 DEOPT UNPACKING pc=0x0000015b41ae6763 sp=0x000000541b7fe820 mode 0

Classes unloaded (0 events):
No events

Classes redefined (0 events):
No events

Internal exceptions (20 events):
Event: 13.797 Thread 0x0000015b58b3c610 Exception <a 'java/lang/NoSuchMethodError'{0x00000000c9b5ffd0}: static Lorg/gradle/internal/build/event/types/DefaultTaskDescriptor;.<clinit>()V> (0x00000000c9b5ffd0) 
thrown [e:\jenkins\tmp\workspace\build\src\src\hotspot\share\prims\jni.cpp, line 1107]
Event: 13.799 Thread 0x0000015b57703c10 Exception <a 'java/lang/IncompatibleClassChangeError'{0x00000000c9b327a8}: Found class java.lang.Object, but interface was expected> (0x00000000c9b327a8) 
thrown [e:\jenkins\tmp\workspace\build\src\src\hotspot\share\interpreter\linkResolver.cpp, line 833]
Event: 13.800 Thread 0x0000015b58b3c610 Exception <a 'java/lang/NoSuchMethodError'{0x00000000c9b84898}: static Lorg/gradle/internal/operations/OperationIdentifier;.<clinit>()V> (0x00000000c9b84898) 
thrown [e:\jenkins\tmp\workspace\build\src\src\hotspot\share\prims\jni.cpp, line 1107]
Event: 13.801 Thread 0x0000015b58b3c610 Exception <a 'java/lang/NoSuchMethodError'{0x00000000c9b8dd98}: static Lorg/gradle/internal/build/event/types/DefaultBinaryPluginIdentifier;.<clinit>()V> (0x00000000c9b8dd98) 
thrown [e:\jenkins\tmp\workspace\build\src\src\hotspot\share\prims\jni.cpp, line 1107]
Event: 13.820 Thread 0x0000015b57703c10 Exception <a 'java/lang/IncompatibleClassChangeError'{0x00000000c9a21510}: Found class java.lang.Object, but interface was expected> (0x00000000c9a21510) 
thrown [e:\jenkins\tmp\workspace\build\src\src\hotspot\share\interpreter\linkResolver.cpp, line 833]
Event: 13.967 Thread 0x0000015b57703c10 Exception <a 'java/lang/NoSuchMethodError'{0x00000000c8baa7d0}: 'int java.lang.invoke.DirectMethodHandle$Holder.invokeStaticInit(java.lang.Object, java.lang.Object, java.lang.Object, java.lang.Object, java.lang.Object)'> (0x00000000c8baa7d0) 
thrown [e:\jenkins\tmp\workspace\build\src\src\hotspot\share\interpreter\linkResolver.cpp, line 766]
Event: 13.977 Thread 0x0000015b58b3c610 Exception <a 'java/lang/NoSuchMethodError'{0x00000000c8a91fe0}: static Lorg/gradle/internal/build/event/types/DefaultTaskFinishedProgressEvent;.<clinit>()V> (0x00000000c8a91fe0) 
thrown [e:\jenkins\tmp\workspace\build\src\src\hotspot\share\prims\jni.cpp, line 1107]
Event: 13.978 Thread 0x0000015b58b3c610 Exception <a 'java/lang/NoSuchMethodError'{0x00000000c8aab878}: static Lorg/gradle/internal/build/event/types/DefaultTaskSuccessResult;.<clinit>()V> (0x00000000c8aab878) 
thrown [e:\jenkins\tmp\workspace\build\src\src\hotspot\share\prims\jni.cpp, line 1107]
Event: 13.978 Thread 0x0000015b58b3c610 Exception <a 'java/lang/NoSuchMethodError'{0x00000000c8aacf90}: static Lorg/gradle/internal/build/event/types/AbstractTaskResult;.<clinit>()V> (0x00000000c8aacf90) 
thrown [e:\jenkins\tmp\workspace\build\src\src\hotspot\share\prims\jni.cpp, line 1107]
Event: 13.978 Thread 0x0000015b58b3c610 Exception <a 'java/lang/NoSuchMethodError'{0x00000000c8aae9a0}: static Lorg/gradle/internal/build/event/types/AbstractResult;.<clinit>()V> (0x00000000c8aae9a0) 
thrown [e:\jenkins\tmp\workspace\build\src\src\hotspot\share\prims\jni.cpp, line 1107]
Event: 13.987 Thread 0x0000015b57700bf0 Exception <a 'java/lang/NoSuchMethodError'{0x00000000cb7aeca8}: 'void java.lang.invoke.DirectMethodHandle$Holder.invokeInterface(java.lang.Object, java.lang.Object, java.lang.Object, java.lang.Object)'> (0x00000000cb7aeca8) 
thrown [e:\jenkins\tmp\workspace\build\src\src\hotspot\share\interpreter\linkResolver.cpp, line 766]
Event: 13.990 Thread 0x0000015b57700bf0 Exception <a 'java/lang/NoSuchMethodError'{0x00000000c891a3c0}: 'void java.lang.invoke.DirectMethodHandle$Holder.invokeVirtual(java.lang.Object, java.lang.Object)'> (0x00000000c891a3c0) 
thrown [e:\jenkins\tmp\workspace\build\src\src\hotspot\share\interpreter\linkResolver.cpp, line 766]
Event: 14.691 Thread 0x0000015b57700bf0 Exception <a 'java/lang/NoSuchMethodError'{0x00000000c8480908}: static [Ljava/lang/Object;.<clinit>()V> (0x00000000c8480908) 
thrown [e:\jenkins\tmp\workspace\build\src\src\hotspot\share\prims\jni.cpp, line 1107]
Event: 14.741 Thread 0x0000015b59103b60 Exception <a 'java/lang/NoSuchMethodError'{0x00000000cbdf0da8}: static Lorg/gradle/process/internal/worker/request/WorkerAction;.<clinit>()V> (0x00000000cbdf0da8) 
thrown [e:\jenkins\tmp\workspace\build\src\src\hotspot\share\prims\jni.cpp, line 1107]
Event: 14.754 Thread 0x0000015b59102820 Exception <a 'java/lang/NoSuchMethodError'{0x00000000cbc4a7a0}: 'void java.lang.invoke.DirectMethodHandle$Holder.invokeStatic(java.lang.Object, long)'> (0x00000000cbc4a7a0) 
thrown [e:\jenkins\tmp\workspace\build\src\src\hotspot\share\interpreter\linkResolver.cpp, line 766]
Event: 14.755 Thread 0x0000015b59102820 Exception <a 'java/lang/NoSuchMethodError'{0x00000000cbc4fdf8}: 'java.lang.Object java.lang.invoke.DirectMethodHandle$Holder.newInvokeSpecial(java.lang.Object, long)'> (0x00000000cbc4fdf8) 
thrown [e:\jenkins\tmp\workspace\build\src\src\hotspot\share\interpreter\linkResolver.cpp, line 766]
Event: 14.756 Thread 0x0000015b59102820 Exception <a 'java/lang/NoSuchMethodError'{0x00000000cbc56c18}: 'java.lang.Object java.lang.invoke.DirectMethodHandle$Holder.invokeStatic(java.lang.Object, java.lang.Object, long, java.lang.Object)'> (0x00000000cbc56c18) 
thrown [e:\jenkins\tmp\workspace\build\src\src\hotspot\share\interpreter\linkResolver.cpp, line 766]
Event: 14.756 Thread 0x0000015b59102820 Exception <a 'java/lang/NoSuchMethodError'{0x00000000cbc5a6b0}: 'java.lang.Object java.lang.invoke.DirectMethodHandle$Holder.invokeStaticInit(java.lang.Object, java.lang.Object, long, java.lang.Object)'> (0x00000000cbc5a6b0) 
thrown [e:\jenkins\tmp\workspace\build\src\src\hotspot\share\interpreter\linkResolver.cpp, line 766]
Event: 14.756 Thread 0x0000015b59102820 Exception <a 'java/lang/NoSuchMethodError'{0x00000000cbc60f38}: 'java.lang.Object java.lang.invoke.DirectMethodHandle$Holder.newInvokeSpecial(java.lang.Object, java.lang.Object, long)'> (0x00000000cbc60f38) 
thrown [e:\jenkins\tmp\workspace\build\src\src\hotspot\share\interpreter\linkResolver.cpp, line 766]
Event: 14.757 Thread 0x0000015b59102820 Exception <a 'java/lang/NoSuchMethodError'{0x00000000cbc64aa8}: 'java.lang.Object java.lang.invoke.Invokers$Holder.linkToTargetMethod(java.lang.Object, long, java.lang.Object)'> (0x00000000cbc64aa8) 
thrown [e:\jenkins\tmp\workspace\build\src\src\hotspot\share\interpreter\linkResolver.cpp, line 766]

VM Operations (20 events):
Event: 256.764 Executing VM operation: Cleanup done
Event: 257.226 Executing VM operation: G1CollectForAllocation
Event: 257.267 Executing VM operation: G1CollectForAllocation done
Event: 259.276 Executing VM operation: Cleanup
Event: 259.276 Executing VM operation: Cleanup done
Event: 262.298 Executing VM operation: Cleanup
Event: 262.298 Executing VM operation: Cleanup done
Event: 263.039 Executing VM operation: G1CollectForAllocation
Event: 263.076 Executing VM operation: G1CollectForAllocation done
Event: 263.156 Executing VM operation: G1CollectForAllocation
Event: 263.184 Executing VM operation: G1CollectForAllocation done
Event: 263.199 Executing VM operation: G1CollectForAllocation
Event: 263.204 Executing VM operation: G1CollectForAllocation done
Event: 263.333 Executing VM operation: G1CollectForAllocation
Event: 263.345 Executing VM operation: G1CollectForAllocation done
Event: 263.368 Executing VM operation: G1CollectForAllocation
Event: 263.391 Executing VM operation: G1CollectForAllocation done
Event: 263.455 Executing VM operation: G1CollectForAllocation
Event: 263.482 Executing VM operation: G1CollectForAllocation done
Event: 263.528 Executing VM operation: G1CollectForAllocation

Events (20 events):
Event: 101.863 Thread 0x0000015b55dd3d90 flushing nmethod 0x0000015b42e8c890
Event: 101.864 Thread 0x0000015b55dd3d90 flushing nmethod 0x0000015b42e8e190
Event: 101.864 Thread 0x0000015b55dd3d90 flushing nmethod 0x0000015b42e8e510
Event: 101.864 Thread 0x0000015b55dd3d90 flushing nmethod 0x0000015b42e91c90
Event: 101.864 Thread 0x0000015b55dd3d90 flushing nmethod 0x0000015b42e93610
Event: 101.864 Thread 0x0000015b55dd3d90 flushing nmethod 0x0000015b42ea2790
Event: 101.864 Thread 0x0000015b55dd3d90 flushing nmethod 0x0000015b42eb1610
Event: 101.864 Thread 0x0000015b55dd3d90 flushing nmethod 0x0000015b42eb1910
Event: 101.864 Thread 0x0000015b55dd3d90 flushing nmethod 0x0000015b42eb1d90
Event: 101.864 Thread 0x0000015b55dd3d90 flushing nmethod 0x0000015b42eb2290
Event: 101.864 Thread 0x0000015b55dd3d90 flushing nmethod 0x0000015b42eb9290
Event: 101.865 Thread 0x0000015b55dd3d90 flushing nmethod 0x0000015b42eba490
Event: 101.865 Thread 0x0000015b55dd3d90 flushing nmethod 0x0000015b42ebae90
Event: 101.865 Thread 0x0000015b55dd3d90 flushing nmethod 0x0000015b42ebf990
Event: 101.865 Thread 0x0000015b55dd3d90 flushing nmethod 0x0000015b42ec3a10
Event: 101.865 Thread 0x0000015b55dd3d90 flushing nmethod 0x0000015b42ec9510
Event: 101.865 Thread 0x0000015b55dd3d90 flushing nmethod 0x0000015b42ed0190
Event: 101.865 Thread 0x0000015b55dd3d90 flushing nmethod 0x0000015b42ed1210
Event: 101.866 Thread 0x0000015b55dd3d90 flushing nmethod 0x0000015b42ed8790
Event: 101.866 Thread 0x0000015b55dd3d90 flushing nmethod 0x0000015b42efa310


Dynamic libraries:
0x00007ff6a1870000 - 0x00007ff6a187e000 	C:\Program Files\Eclipse Foundation\jdk-17.0.0.35-hotspot\bin\java.exe
0x00007ff9f94f0000 - 0x00007ff9f96e5000 	C:\windows\SYSTEM32\ntdll.dll
0x00007ff9f88c0000 - 0x00007ff9f897e000 	C:\windows\System32\KERNEL32.DLL
0x00007ff9f71f0000 - 0x00007ff9f74b8000 	C:\windows\System32\KERNELBASE.dll
0x00007ff9f6eb0000 - 0x00007ff9f6fb0000 	C:\windows\System32\ucrtbase.dll
0x00007ff9de660000 - 0x00007ff9de679000 	C:\Program Files\Eclipse Foundation\jdk-17.0.0.35-hotspot\bin\VCRUNTIME140.dll
0x00007ff9d9960000 - 0x00007ff9d9978000 	C:\Program Files\Eclipse Foundation\jdk-17.0.0.35-hotspot\bin\jli.dll
0x00007ff9f84c0000 - 0x00007ff9f8660000 	C:\windows\System32\USER32.dll
0x00007ff9f71c0000 - 0x00007ff9f71e2000 	C:\windows\System32\win32u.dll
0x00007ff9dfba0000 - 0x00007ff9dfe3a000 	C:\windows\WinSxS\amd64_microsoft.windows.common-controls_6595b64144ccf1df_6.0.19041.1110_none_60b5254171f9507e\COMCTL32.dll
0x00007ff9f87c0000 - 0x00007ff9f87eb000 	C:\windows\System32\GDI32.dll
0x00007ff9f7d70000 - 0x00007ff9f7e0e000 	C:\windows\System32\msvcrt.dll
0x00007ff9f7040000 - 0x00007ff9f714d000 	C:\windows\System32\gdi32full.dll
0x00007ff9f6cb0000 - 0x00007ff9f6d4d000 	C:\windows\System32\msvcp_win.dll
0x00007ff9f7eb0000 - 0x00007ff9f7ee0000 	C:\windows\System32\IMM32.DLL
0x00007ff9ebb90000 - 0x00007ff9ebb9c000 	C:\Program Files\Eclipse Foundation\jdk-17.0.0.35-hotspot\bin\vcruntime140_1.dll
0x00007ff9c9010000 - 0x00007ff9c90a1000 	C:\Program Files\Eclipse Foundation\jdk-17.0.0.35-hotspot\bin\msvcp140.dll
0x00007ff9aea10000 - 0x00007ff9af656000 	C:\Program Files\Eclipse Foundation\jdk-17.0.0.35-hotspot\bin\server\jvm.dll
0x00007ff9f7cc0000 - 0x00007ff9f7d6e000 	C:\windows\System32\ADVAPI32.dll
0x00007ff9f8ab0000 - 0x00007ff9f8b4c000 	C:\windows\System32\sechost.dll
0x00007ff9f7540000 - 0x00007ff9f7665000 	C:\windows\System32\RPCRT4.dll
0x00007ff9f7e10000 - 0x00007ff9f7e18000 	C:\windows\System32\PSAPI.DLL
0x00007ff9e1e60000 - 0x00007ff9e1e87000 	C:\windows\SYSTEM32\WINMM.dll
0x00007ff9ed360000 - 0x00007ff9ed369000 	C:\windows\SYSTEM32\WSOCK32.dll
0x00007ff9f7760000 - 0x00007ff9f77cb000 	C:\windows\System32\WS2_32.dll
0x00007ff9eceb0000 - 0x00007ff9eceba000 	C:\windows\SYSTEM32\VERSION.dll
0x00007ff9f54a0000 - 0x00007ff9f54b2000 	C:\windows\SYSTEM32\kernel.appcore.dll
0x00007ff9e7b20000 - 0x00007ff9e7b2a000 	C:\Program Files\Eclipse Foundation\jdk-17.0.0.35-hotspot\bin\jimage.dll
0x00007ff9f4fd0000 - 0x00007ff9f51b4000 	C:\windows\SYSTEM32\DBGHELP.DLL
0x00007ff9e6a10000 - 0x00007ff9e6a3c000 	C:\windows\SYSTEM32\dbgcore.DLL
0x00007ff9f6fb0000 - 0x00007ff9f7032000 	C:\windows\System32\bcryptPrimitives.dll
0x00007ff9d82d0000 - 0x00007ff9d82f5000 	C:\Program Files\Eclipse Foundation\jdk-17.0.0.35-hotspot\bin\java.dll
0x00007ff9c2a50000 - 0x00007ff9c2b26000 	C:\Program Files\Eclipse Foundation\jdk-17.0.0.35-hotspot\bin\svml.dll
0x00007ff9f8d60000 - 0x00007ff9f94a4000 	C:\windows\System32\SHELL32.dll
0x00007ff9f4770000 - 0x00007ff9f4f04000 	C:\windows\SYSTEM32\windows.storage.dll
0x00007ff9f7900000 - 0x00007ff9f7c55000 	C:\windows\System32\combase.dll
0x00007ff9f6650000 - 0x00007ff9f667e000 	C:\windows\SYSTEM32\Wldp.dll
0x00007ff9f8410000 - 0x00007ff9f84bd000 	C:\windows\System32\SHCORE.dll
0x00007ff9f8d00000 - 0x00007ff9f8d55000 	C:\windows\System32\shlwapi.dll
0x00007ff9f6b40000 - 0x00007ff9f6b5f000 	C:\windows\SYSTEM32\profapi.dll
0x00007ff9d9780000 - 0x00007ff9d9799000 	C:\Program Files\Eclipse Foundation\jdk-17.0.0.35-hotspot\bin\net.dll
0x00007ff9ee160000 - 0x00007ff9ee26c000 	C:\windows\SYSTEM32\WINHTTP.dll
0x00007ff9f63b0000 - 0x00007ff9f641a000 	C:\windows\system32\mswsock.dll
0x00007ff9d82b0000 - 0x00007ff9d82c5000 	C:\Program Files\Eclipse Foundation\jdk-17.0.0.35-hotspot\bin\nio.dll
0x00007ff9d7c00000 - 0x00007ff9d7c18000 	C:\Program Files\Eclipse Foundation\jdk-17.0.0.35-hotspot\bin\zip.dll
0x00007ff9e78e0000 - 0x00007ff9e78f0000 	C:\Program Files\Eclipse Foundation\jdk-17.0.0.35-hotspot\bin\verify.dll
0x00007ff9d86b0000 - 0x00007ff9d86d7000 	C:\Users\judee\.gradle\native\e1d6ef7f7dcc3fd88c89a11ec53ec762bb8ba0a96d01ffa2cd45eb1d1d8dd5c5\windows-amd64\native-platform.dll
0x00007ff9c21c0000 - 0x00007ff9c2304000 	C:\Users\judee\.gradle\native\5664cfc778a61ccfe75a443a1ab52a65af34e5dc3c78e0209fed803814484fcb\windows-amd64\native-platform-file-events.dll
0x00007ff9e7400000 - 0x00007ff9e7409000 	C:\Program Files\Eclipse Foundation\jdk-17.0.0.35-hotspot\bin\management.dll
0x00007ff9e6390000 - 0x00007ff9e639b000 	C:\Program Files\Eclipse Foundation\jdk-17.0.0.35-hotspot\bin\management_ext.dll
0x00007ff9f65b0000 - 0x00007ff9f65c8000 	C:\windows\SYSTEM32\CRYPTSP.dll
0x00007ff9f5cc0000 - 0x00007ff9f5cf4000 	C:\windows\system32\rsaenh.dll
0x00007ff9f7510000 - 0x00007ff9f7537000 	C:\windows\System32\bcrypt.dll
0x00007ff9f6b00000 - 0x00007ff9f6b2e000 	C:\windows\SYSTEM32\USERENV.dll
0x00007ff9f65a0000 - 0x00007ff9f65ac000 	C:\windows\SYSTEM32\CRYPTBASE.dll
0x00007ff9f6050000 - 0x00007ff9f608b000 	C:\windows\SYSTEM32\IPHLPAPI.DLL
0x00007ff9f8aa0000 - 0x00007ff9f8aa8000 	C:\windows\System32\NSI.dll
0x00007ff9ecf10000 - 0x00007ff9ecf27000 	C:\windows\SYSTEM32\dhcpcsvc6.DLL
0x00007ff9ecef0000 - 0x00007ff9ecf0d000 	C:\windows\SYSTEM32\dhcpcsvc.DLL
0x00007ff9f60e0000 - 0x00007ff9f61ab000 	C:\windows\SYSTEM32\DNSAPI.dll
0x00007ff9e6360000 - 0x00007ff9e636e000 	C:\Program Files\Eclipse Foundation\jdk-17.0.0.35-hotspot\bin\sunmscapi.dll
0x00007ff9f6d50000 - 0x00007ff9f6ea6000 	C:\windows\System32\CRYPT32.dll
0x00007ff9f66c0000 - 0x00007ff9f66e7000 	C:\windows\SYSTEM32\ncrypt.dll
0x00007ff9f6680000 - 0x00007ff9f66bb000 	C:\windows\SYSTEM32\NTASN1.dll
0x00007ff9e42d0000 - 0x00007ff9e42d7000 	C:\windows\system32\wshunix.dll
0x00007ff9ecee0000 - 0x00007ff9eceea000 	C:\Windows\System32\rasadhlp.dll
0x00007ff9ec940000 - 0x00007ff9ec9bf000 	C:\windows\System32\fwpuclnt.dll

dbghelp: loaded successfully - version: 4.0.5 - missing functions: none
symbol engine: initialized successfully - sym options: 0x614 - pdb path: .;C:\Program Files\Eclipse Foundation\jdk-17.0.0.35-hotspot\bin;C:\windows\SYSTEM32;C:\windows\WinSxS\amd64_microsoft.windows.common-controls_6595b64144ccf1df_6.0.19041.1110_none_60b5254171f9507e;C:\Program Files\Eclipse Foundation\jdk-17.0.0.35-hotspot\bin\server;C:\Users\judee\.gradle\native\e1d6ef7f7dcc3fd88c89a11ec53ec762bb8ba0a96d01ffa2cd45eb1d1d8dd5c5\windows-amd64;C:\Users\judee\.gradle\native\5664cfc778a61ccfe75a443a1ab52a65af34e5dc3c78e0209fed803814484fcb\windows-amd64

VM Arguments:
jvm_args: --add-opens=java.base/java.util=ALL-UNNAMED --add-opens=java.base/java.lang=ALL-UNNAMED --add-opens=java.base/java.lang.invoke=ALL-UNNAMED --add-opens=java.base/java.util=ALL-UNNAMED --add-opens=java.prefs/java.util.prefs=ALL-UNNAMED --add-opens=java.prefs/java.util.prefs=ALL-UNNAMED --add-opens=java.base/java.nio.charset=ALL-UNNAMED --add-opens=java.base/java.net=ALL-UNNAMED --add-opens=java.base/java.util.concurrent.atomic=ALL-UNNAMED -Xmx1G -Dfile.encoding=windows-1252 -Duser.country=AU -Duser.language=en -Duser.variant 
java_command: org.gradle.launcher.daemon.bootstrap.GradleDaemon 7.2
java_class_path (initial): C:\Users\judee\.gradle\wrapper\dists\gradle-7.2-bin\2dnblmf4td7x66yl1d74lt32g\gradle-7.2\lib\gradle-launcher-7.2.jar
Launcher Type: SUN_STANDARD

[Global flags]
     intx CICompilerCount                          = 4                                         {product} {ergonomic}
     uint ConcGCThreads                            = 2                                         {product} {ergonomic}
     uint G1ConcRefinementThreads                  = 8                                         {product} {ergonomic}
   size_t G1HeapRegionSize                         = 1048576                                   {product} {ergonomic}
    uintx GCDrainStackTargetSize                   = 64                                        {product} {ergonomic}
   size_t InitialHeapSize                          = 130023424                                 {product} {ergonomic}
   size_t MarkStackSize                            = 4194304                                   {product} {ergonomic}
   size_t MaxHeapSize                              = 1073741824                                {product} {command line}
   size_t MaxNewSize                               = 643825664                                 {product} {ergonomic}
   size_t MinHeapDeltaBytes                        = 1048576                                   {product} {ergonomic}
   size_t MinHeapSize                              = 8388608                                   {product} {ergonomic}
    uintx NonNMethodCodeHeapSize                   = 5839372                                {pd product} {ergonomic}
    uintx NonProfiledCodeHeapSize                  = 122909434                              {pd product} {ergonomic}
    uintx ProfiledCodeHeapSize                     = 122909434                              {pd product} {ergonomic}
    uintx ReservedCodeCacheSize                    = 251658240                              {pd product} {ergonomic}
     bool SegmentedCodeCache                       = true                                      {product} {ergonomic}
   size_t SoftMaxHeapSize                          = 1073741824                             {manageable} {ergonomic}
     bool UseCompressedClassPointers               = true                           {product lp64_product} {ergonomic}
     bool UseCompressedOops                        = true                           {product lp64_product} {ergonomic}
     bool UseG1GC                                  = true                                      {product} {ergonomic}
     bool UseLargePagesIndividualAllocation        = false                                  {pd product} {ergonomic}

Logging:
Log output configuration:
 #0: stdout all=warning uptime,level,tags
 #1: stderr all=off uptime,level,tags

Environment Variables:
JAVA_HOME=C:\Program Files\Eclipse Foundation\jdk-17.0.0.35-hotspot\
PATH=C:\Program Files\Eclipse Foundation\jdk-8.0.302.8-hotspot\bin;C:\Program Files\Eclipse Foundation\jdk-17.0.0.35-hotspot\bin;C:\windows\system32;C:\windows;C:\windows\System32\Wbem;C:\windows\System32\WindowsPowerShell\v1.0\;C:\windows\System32\OpenSSH\;C:\Program Files\Git\cmd;C:\Program Files\Csound6_x64\bin;C:\Program Files\MySQL\MySQL Shell 8.0\bin\;C:\Users\judee\AppData\Local\Microsoft\WindowsApps;C:\Users\judee\AppData\Local\Programs\Microsoft VS Code\bin;C:\Users\judee\AppData\Local\GitHubDesktop\bin
USERNAME=judee
OS=Windows_NT
PROCESSOR_IDENTIFIER=Intel64 Family 6 Model 140 Stepping 1, GenuineIntel



---------------  S Y S T E M  ---------------

OS:
 Windows 10 , 64 bit Build 19041 (10.0.19041.1503)
OS uptime: 19 days 16:17 hours

CPU: total 8 (initial active 8) (4 cores per cpu, 2 threads per core) family 6 model 140 stepping 1 microcode 0x66, cx8, cmov, fxsr, ht, mmx, 3dnowpref, sse, sse2, sse3, ssse3, sse4.1, sse4.2, popcnt, lzcnt, tsc, tscinvbit, avx, avx2, aes, erms, clmul, bmi1, bmi2, adx, avx512f, avx512dq, avx512cd, avx512bw, avx512vl, sha, fma, vzeroupper, avx512_vpopcntdq, avx512_vpclmulqdq, avx512_vaes, avx512_vnni, clflush, clflushopt, clwb, avx512_vbmi2, avx512_vbmi

Memory: 4k page, system-wide physical 7834M (580M free)
TotalPageFile size 31386M (AvailPageFile size 277M)
current process WorkingSet (physical memory assigned to process): 138M, peak: 409M
current process commit charge ("private bytes"): 436M, peak: 731M

vm_info: OpenJDK 64-Bit Server VM (17+35) for windows-amd64 JRE (17+35), built on Sep 14 2021 17:27:39 by "" with MS VC++ 16.7 (VS2019)

END.
